INFO: [HLS 200-10] Running '/opt/Xilinx/Vivado/2018.2/bin/unwrapped/lnx64.o/vivado_hls'
INFO: [HLS 200-10] For user 'herreral' on host 'diego-mate' (Linux_x86_64 version 4.15.0-32-generic) on Thu Aug 23 22:11:29 CST 2018
INFO: [HLS 200-10] On os Ubuntu 18.04.1 LTS
INFO: [HLS 200-10] In directory '/home/herreral/Code/SystemC/HLSLinearGPU/HLS/LineAlgorithms'
INFO: [HLS 200-10] Opening project '/home/herreral/Code/SystemC/HLSLinearGPU/HLS/LineAlgorithms/lineAlgorithms'.
INFO: [HLS 200-10] Opening solution '/home/herreral/Code/SystemC/HLSLinearGPU/HLS/LineAlgorithms/lineAlgorithms/bresenham'.
INFO: [SYN 201-201] Setting up clock 'default' with a period of 10ns.
INFO: [HLS 200-10] Setting target device to 'xa7a12tcsg325-1q'
INFO: [SIM 211-2] *************** CSIM start ***************
INFO: [SIM 211-4] CSIM will launch GCC as the compiler.
make: 'csim.exe' is up to date.
TEST BENCH
Mid Point Start
0,5
1,5
2,5
3,5
4,6
5,6
6,6
7,6
8,6
DDA Start
0,5
1,5
2,5
3,5
4,6
5,6
6,6
7,6
8,6
Bresenham Start
0,5
1,5
2,6
3,6
4,6
5,6
6,6
7,6
8,6
Test passed !
DONE!
INFO: [SIM 211-1] CSim done with 0 errors.
INFO: [SIM 211-3] *************** CSIM finish ***************
