INFO-FLOW: Workspace /home/herreral/Code/SystemC/HLSLinearGPU/HLS/LineAlgorithms/lineAlgorithms/dda opened at Wed Aug 22 22:19:17 CST 2018
Execute     config_clock -quiet -name default -period 10 -default=false 
INFO: [SYN 201-201] Setting up clock 'default' with a period of 10ns.
Execute     open_platform DefaultPlatform 
Execute     import_lib /opt/Xilinx/Vivado/2018.2/common/technology/xilinx/aartix7/aartix7 
Execute       source /opt/Xilinx/Vivado/2018.2/common/technology/xilinx/common/xilinx.lib 
Execute         source /opt/Xilinx/Vivado/2018.2/common/technology/xilinx/interface/xilinx_interface.lib 
Execute           source /opt/Xilinx/Vivado/2018.2/common/technology/xilinx/interface/plb46.lib 
Execute           source /opt/Xilinx/Vivado/2018.2/common/technology/xilinx/interface/fsl.lib 
Execute           source /opt/Xilinx/Vivado/2018.2/common/technology/xilinx/interface/axi4.lib 
Execute           source /opt/Xilinx/Vivado/2018.2/common/technology/xilinx/interface/maxi.lib 
Execute           source /opt/Xilinx/Vivado/2018.2/common/technology/xilinx/interface/saxilite.lib 
Execute         source /opt/Xilinx/Vivado/2018.2/common/technology/xilinx/common/dsp48.lib 
Execute         source /opt/Xilinx/Vivado/2018.2/common/technology/xilinx/ip/xfft.lib 
Execute         source /opt/Xilinx/Vivado/2018.2/common/technology/xilinx/ip/xfir.lib 
Execute         source /opt/Xilinx/Vivado/2018.2/common/technology/xilinx/ip/dds_compiler.lib 
Execute       source /opt/Xilinx/Vivado/2018.2/common/technology/xilinx/common/xilinx_old.lib 
Execute       source /opt/Xilinx/Vivado/2018.2/common/technology/xilinx/common/xilinx_vivado.lib 
Execute       source /opt/Xilinx/Vivado/2018.2/common/technology/xilinx/common/xilinx.hlp 
Execute         source /opt/Xilinx/Vivado/2018.2/common/technology/xilinx/common/target_info.tcl 
Execute         source /opt/Xilinx/Vivado/2018.2/common/technology/xilinx/interface/xilinx_interface.hlp 
Execute           source /opt/Xilinx/Vivado/2018.2/common/technology/xilinx/interface/maxi.hlp 
Execute           source /opt/Xilinx/Vivado/2018.2/common/technology/xilinx/interface/saxilite.hlp 
Execute         source /opt/Xilinx/Vivado/2018.2/common/technology/xilinx/common/dsp48.hlp 
Execute       source /opt/Xilinx/Vivado/2018.2/common/technology/xilinx/aartix7/dsp48e1.hlp 
Execute       get_default_platform 
Execute       config_chip_info -quiet -resource  {SLICE 15850} {LUT 63400}     {FF 126800} {DSP48E 240}    {BRAM 270}  
Execute       config_chip_info -quiet -speed medium 
Execute       source /opt/Xilinx/Vivado/2018.2/common/technology/xilinx/common/xilinx.hlp 
Execute         source /opt/Xilinx/Vivado/2018.2/common/technology/xilinx/common/target_info.tcl 
Execute         source /opt/Xilinx/Vivado/2018.2/common/technology/xilinx/interface/xilinx_interface.hlp 
Execute           source /opt/Xilinx/Vivado/2018.2/common/technology/xilinx/interface/maxi.hlp 
Execute           source /opt/Xilinx/Vivado/2018.2/common/technology/xilinx/interface/saxilite.hlp 
Execute         source /opt/Xilinx/Vivado/2018.2/common/technology/xilinx/common/dsp48.hlp 
Execute     source /opt/Xilinx/Vivado/2018.2/common/technology/xilinx/aartix7/aartix7.gen 
Execute       source /opt/Xilinx/Vivado/2018.2/common/technology/xilinx/common/virtex.gen 
Execute         source /opt/Xilinx/Vivado/2018.2/common/technology/xilinx/common/xilinx.gen 
Execute           source /opt/Xilinx/Vivado/2018.2/common/technology/xilinx/interface/plb46.gen 
Execute           source /opt/Xilinx/Vivado/2018.2/common/technology/xilinx/interface/fsl.gen 
Execute           source /opt/Xilinx/Vivado/2018.2/common/technology/xilinx/interface/axi4.gen 
Execute           source /opt/Xilinx/Vivado/2018.2/common/technology/xilinx/interface/nativeAXI4.gen 
Execute             source /opt/Xilinx/Vivado/2018.2/common/technology/xilinx/interface/saxilite.gen 
Execute             source /opt/Xilinx/Vivado/2018.2/common/technology/xilinx/interface/maxi.gen 
Execute           source /opt/Xilinx/Vivado/2018.2/common/technology/xilinx/scripts/xilinxcoregen.gen 
Execute           source /opt/Xilinx/Vivado/2018.2/common/technology/xilinx/interface/XilEDKCoreGen.gen 
Execute           source /opt/Xilinx/Vivado/2018.2/common/technology/xilinx/ip/dds_compiler.gen 
Execute           source /opt/Xilinx/Vivado/2018.2/common/technology/xilinx/ip/util.gen 
Execute           source /opt/Xilinx/Vivado/2018.2/common/technology/xilinx/ip/xfft.gen 
Execute           source /opt/Xilinx/Vivado/2018.2/common/technology/xilinx/ip/xfir.gen 
Command         ap_source done; 0.11 sec.
Execute         source /opt/Xilinx/Vivado/2018.2/common/technology/xilinx/common/dsp48.gen 
Command       ap_source done; 0.11 sec.
Command     ap_source done; 0.11 sec.
Execute     open_platform DefaultPlatform 
Execute     import_lib /opt/Xilinx/Vivado/2018.2/common/technology/xilinx/aartix7/aartix7_fpv6 
Execute       source /opt/Xilinx/Vivado/2018.2/common/technology/xilinx/common/xilinx_fpv7.lib 
Execute         source /opt/Xilinx/Vivado/2018.2/common/technology/xilinx/common/xilinx_hp.lib 
Execute       source /opt/Xilinx/Vivado/2018.2/common/technology/xilinx/common/xilinx_fpv.hlp 
Execute         source /opt/Xilinx/Vivado/2018.2/common/technology/xilinx/common/xilinx.hlp 
Execute           source /opt/Xilinx/Vivado/2018.2/common/technology/xilinx/common/target_info.tcl 
Execute           source /opt/Xilinx/Vivado/2018.2/common/technology/xilinx/interface/xilinx_interface.hlp 
Execute             source /opt/Xilinx/Vivado/2018.2/common/technology/xilinx/interface/maxi.hlp 
Execute             source /opt/Xilinx/Vivado/2018.2/common/technology/xilinx/interface/saxilite.hlp 
Execute           source /opt/Xilinx/Vivado/2018.2/common/technology/xilinx/common/dsp48.hlp 
Execute       source /opt/Xilinx/Vivado/2018.2/common/technology/xilinx/aartix7/aartix7_hp.hlp 
Execute     source /opt/Xilinx/Vivado/2018.2/common/technology/xilinx/aartix7/aartix7_fpv6.gen 
Execute       source /opt/Xilinx/Vivado/2018.2/common/technology/xilinx/common/xilinx_fpv6.gen 
Execute     set_part xa7a12tcsg325-1q 
Execute       add_library xilinx/aartix7/aartix7:xa7a12t:csg325:-1q 
Execute         get_default_platform 
Execute         license_isbetapart xa7a12t 
Command         license_isbetapart done; error code: 1; 
Execute         get_default_platform 
Execute         config_chip_info -quiet -resource  {SLICE 2000}  {LUT 8000}      {FF 16000}  {DSP48E 40}     {BRAM 40}  
Execute         config_chip_info -quiet -speed slow 
Execute       add_library xilinx/aartix7/aartix7_fpv6 
Execute         get_default_platform 
INFO: [HLS 200-10] Setting target device to 'xa7a12tcsg325-1q'
Execute       get_default_platform 
Execute     get_default_platform 
Execute     config_chip_info -quiet -resource  {SLICE 2000}  {LUT 8000}      {FF 16000}  {DSP48E 40}     {BRAM 40}  
Execute     config_chip_info -quiet -speed slow 
Command   open_solution done; 0.18 sec.
Execute   set_part xa7a12tcsg325-1q 
Execute     add_library xilinx/aartix7/aartix7:xa7a12t:csg325:-1q 
Execute       get_default_platform 
Execute       license_isbetapart xa7a12t 
Command       license_isbetapart done; error code: 1; 
Execute       get_default_platform 
Execute       config_chip_info -quiet -resource  {SLICE 2000}  {LUT 8000}      {FF 16000}  {DSP48E 40}     {BRAM 40}  
Execute       config_chip_info -quiet -speed slow 
Execute     add_library xilinx/aartix7/aartix7_fpv6 
Execute       get_default_platform 
Execute     get_default_platform 
Execute   create_clock -period 10 -name default 
Execute     config_clock -quiet -name default -period 10 -default=false 
INFO: [SYN 201-201] Setting up clock 'default' with a period of 10ns.
Execute   csynth_design 
Execute     get_config_compile -effort 
Execute     get_config_compile -enable_clang39 
Execute     get_config_compile -g 
Execute     get_config_compile -lm 
Execute     get_config_compile -ng 
Execute     get_config_compile -opt_fp 
Execute     get_config_compile -skip_cdt 
Execute     get_config_compile -skip_syncheck 
Execute     get_config_compile -skip_transform 
Execute     get_config_compile -keep_printf 
Execute     elaborate -effort=medium -skip_syncheck=0 -keep_printf=0 -lm=0 -skip_cdt=0 -skip_transform=0 -ng=0 -g=0 -opt_fp=0 -from_csynth_design=1 
Execute       get_config_schedule -relax_ii_for_timing 
Execute       get_config_schedule -suppress_dependence_error_break 
INFO: [HLS 200-10] Analyzing design file '../../Cpp/src/lineAlgorithms.cpp' ... 
INFO-FLOW: Compiling one TU...
Execute       is_m_axi_addr64 
INFO-FLOW: Handling ../../Cpp/src/lineAlgorithms.cpp as C++
Execute       get_default_platform 
Execute       is_encrypted ../../Cpp/src/lineAlgorithms.cpp 
Execute       get_default_platform 
INFO-FLOW: Source preprocessing
Execute       clang  -fno-limit-debug-info -gcc-toolchain "/opt/Xilinx/Vivado/2018.2/lnx64/tools/gcc" -hls  -fno-exceptions  -D__llvm__  -E "../../Cpp/src/lineAlgorithms.cpp"     -fno-math-errno -c -emit-llvm -O0  -mllvm -disable-llvm-optzns -fno-threadsafe-statics  -fno-use-cxa-atexit  -fno-threadsafe-statics -fno-use-cxa-atexit -D__CLANG_3_1__ -DAESL_SYN -D__SYNTHESIS__ -D__HLS_SYN__ -I "/opt/Xilinx/Vivado/2018.2/common/technology/autopilot" -I "/opt/Xilinx/Vivado/2018.2/common/technology/autopilot/ap_sysc" -include etc/autopilot_ssdm_op.h -D__DSP48E1__  -o "/home/herreral/Code/SystemC/HLSLinearGPU/HLS/LineAlgorithms/lineAlgorithms/dda/.autopilot/db/lineAlgorithms.pp.0.cpp" 
INFO-FLOW: exec /opt/Xilinx/Vivado/2018.2/lnx64/tools/clang/bin/clang -fno-limit-debug-info -gcc-toolchain /opt/Xilinx/Vivado/2018.2/lnx64/tools/gcc -hls -fno-exceptions -D__llvm__ -E ../../Cpp/src/lineAlgorithms.cpp -fno-math-errno -c -emit-llvm -O0 -mllvm -disable-llvm-optzns -fno-threadsafe-statics -fno-use-cxa-atexit -fno-threadsafe-statics -fno-use-cxa-atexit -D__CLANG_3_1__ -DAESL_SYN -D__SYNTHESIS__ -D__HLS_SYN__ -I /opt/Xilinx/Vivado/2018.2/common/technology/autopilot -I /opt/Xilinx/Vivado/2018.2/common/technology/autopilot/ap_sysc -include etc/autopilot_ssdm_op.h -D__DSP48E1__ -o /home/herreral/Code/SystemC/HLSLinearGPU/HLS/LineAlgorithms/lineAlgorithms/dda/.autopilot/db/lineAlgorithms.pp.0.cpp
Command       clang done; 2.58 sec.
INFO-FLOW: Syntax Checking before pre-processing...
Execute       clang  -fno-limit-debug-info -gcc-toolchain "/opt/Xilinx/Vivado/2018.2/lnx64/tools/gcc" -hls    -fno-math-errno -c -emit-llvm -O0  -mllvm -disable-llvm-optzns -fno-threadsafe-statics  -fno-use-cxa-atexit  -fno-threadsafe-statics -fno-use-cxa-atexit -D__CLANG_3_1__ -DAESL_SYN -D__SYNTHESIS__ -D__HLS_SYN__ -I "/opt/Xilinx/Vivado/2018.2/common/technology/autopilot" -I "/opt/Xilinx/Vivado/2018.2/common/technology/autopilot/ap_sysc" -include etc/autopilot_ssdm_op.h -D__DSP48E1__  "/home/herreral/Code/SystemC/HLSLinearGPU/HLS/LineAlgorithms/lineAlgorithms/dda/.autopilot/db/lineAlgorithms.pp.0.cpp"  -o "/home/herreral/Code/SystemC/HLSLinearGPU/HLS/LineAlgorithms/lineAlgorithms/dda/.autopilot/db/useless.bc"  
INFO-FLOW: exec /opt/Xilinx/Vivado/2018.2/lnx64/tools/clang/bin/clang -fno-limit-debug-info -gcc-toolchain /opt/Xilinx/Vivado/2018.2/lnx64/tools/gcc -hls -fno-math-errno -c -emit-llvm -O0 -mllvm -disable-llvm-optzns -fno-threadsafe-statics -fno-use-cxa-atexit -fno-threadsafe-statics -fno-use-cxa-atexit -D__CLANG_3_1__ -DAESL_SYN -D__SYNTHESIS__ -D__HLS_SYN__ -I /opt/Xilinx/Vivado/2018.2/common/technology/autopilot -I /opt/Xilinx/Vivado/2018.2/common/technology/autopilot/ap_sysc -include etc/autopilot_ssdm_op.h -D__DSP48E1__ /home/herreral/Code/SystemC/HLSLinearGPU/HLS/LineAlgorithms/lineAlgorithms/dda/.autopilot/db/lineAlgorithms.pp.0.cpp -o /home/herreral/Code/SystemC/HLSLinearGPU/HLS/LineAlgorithms/lineAlgorithms/dda/.autopilot/db/useless.bc
Command       clang done; 2.55 sec.
INFO-FLOW: GCC PP time: 5 seconds per iteration
Execute       list_core -type functional_unit 
Execute       tidy_31 xilinx-systemc-detector /home/herreral/Code/SystemC/HLSLinearGPU/HLS/LineAlgorithms/lineAlgorithms/dda/.autopilot/db/lineAlgorithms.pp.0.cpp std=gnu++98 -directive=/home/herreral/Code/SystemC/HLSLinearGPU/HLS/LineAlgorithms/lineAlgorithms/dda/.autopilot/db/.systemc_flag 
INFO-FLOW: exec /opt/Xilinx/Vivado/2018.2/lnx64/tools/clang-3.9-csynth/bin/tidy-3.1 -header-filter=.* --checks=-*,xilinx-systemc-detector -import-directive=/home/herreral/Code/SystemC/HLSLinearGPU/HLS/LineAlgorithms/lineAlgorithms/dda/.autopilot/db/.systemc_flag -quiet -fix-errors /home/herreral/Code/SystemC/HLSLinearGPU/HLS/LineAlgorithms/lineAlgorithms/dda/.autopilot/db/lineAlgorithms.pp.0.cpp -- -std=gnu++98 -fhls -ferror-limit=0
Command       tidy_31 done; 6.83 sec.
INFO-FLOW: CDT Preprocessing with tidy-3.1...
Execute       tidy_31 xilinx-directive2pragma /home/herreral/Code/SystemC/HLSLinearGPU/HLS/LineAlgorithms/lineAlgorithms/dda/.autopilot/db/lineAlgorithms.pp.0.cpp std=gnu++98 -directive=/home/herreral/Code/SystemC/HLSLinearGPU/HLS/LineAlgorithms/lineAlgorithms/dda/dda.json 
INFO-FLOW: exec /opt/Xilinx/Vivado/2018.2/lnx64/tools/clang-3.9-csynth/bin/tidy-3.1 -header-filter=.* --checks=-*,xilinx-directive2pragma -import-directive=/home/herreral/Code/SystemC/HLSLinearGPU/HLS/LineAlgorithms/lineAlgorithms/dda/dda.json -quiet -fix-errors /home/herreral/Code/SystemC/HLSLinearGPU/HLS/LineAlgorithms/lineAlgorithms/dda/.autopilot/db/lineAlgorithms.pp.0.cpp -- -std=gnu++98 -fhls -ferror-limit=0
Command       tidy_31 done; 0.23 sec.
Execute       get_config_dataflow -strict_mode 
Execute       ap_eval exec -ignorestderr /opt/Xilinx/Vivado/2018.2/lnx64/tools/clang-3.9-csynth/bin/xilinx-dataflow-lawyer -export-fixes=/home/herreral/Code/SystemC/HLSLinearGPU/HLS/LineAlgorithms/lineAlgorithms/dda/.autopilot/db/xilinx-dataflow-lawyer.lineAlgorithms.pp.0.cpp.diag.yml /home/herreral/Code/SystemC/HLSLinearGPU/HLS/LineAlgorithms/lineAlgorithms/dda/.autopilot/db/lineAlgorithms.pp.0.cpp -- -std=gnu++98 -fhls -ferror-limit=0 -fstrict-dataflow > /home/herreral/Code/SystemC/HLSLinearGPU/HLS/LineAlgorithms/lineAlgorithms/dda/.autopilot/db/xilinx-dataflow-lawyer.lineAlgorithms.pp.0.cpp.out.log 2> /home/herreral/Code/SystemC/HLSLinearGPU/HLS/LineAlgorithms/lineAlgorithms/dda/.autopilot/db/xilinx-dataflow-lawyer.lineAlgorithms.pp.0.cpp.err.log 
Command       ap_eval done; 1.98 sec.
Execute       tidy_31 -errorcheck xilinx-constantarray-param,xilinx-resource-pragma-transformer /home/herreral/Code/SystemC/HLSLinearGPU/HLS/LineAlgorithms/lineAlgorithms/dda/.autopilot/db/lineAlgorithms.pp.0.cpp std=gnu++98 
INFO-FLOW: exec /opt/Xilinx/Vivado/2018.2/lnx64/tools/clang-3.9-csynth/bin/tidy-3.1 -header-filter=.* --checks=-*,xilinx-constantarray-param,xilinx-resource-pragma-transformer -quiet -fix-errors /home/herreral/Code/SystemC/HLSLinearGPU/HLS/LineAlgorithms/lineAlgorithms/dda/.autopilot/db/lineAlgorithms.pp.0.cpp -- -std=gnu++98 -fhls -ferror-limit=0
INFO-FLOW: exec /opt/Xilinx/Vivado/2018.2/lnx64/tools/clang-3.9-csynth/bin/xilinx-legacy-rewriter /home/herreral/Code/SystemC/HLSLinearGPU/HLS/LineAlgorithms/lineAlgorithms/dda/.autopilot/db/lineAlgorithms.pp.0.cpp -- -std=gnu++98 -fhls -ferror-limit=0
Command       tidy_31 done; 3.1 sec.
INFO-FLOW: tidy-3.1 time 5 seconds per iteration
INFO-FLOW: Pragma Handling...
Execute       tidy_31 xilinx-ssdm-intrinsics-arguments /home/herreral/Code/SystemC/HLSLinearGPU/HLS/LineAlgorithms/lineAlgorithms/dda/.autopilot/db/lineAlgorithms.pragma.1.cpp std=gnu++98 
INFO-FLOW: exec /opt/Xilinx/Vivado/2018.2/lnx64/tools/clang-3.9-csynth/bin/tidy-3.1 -header-filter=.* --checks=-*,xilinx-ssdm-intrinsics-arguments -quiet -fix-errors /home/herreral/Code/SystemC/HLSLinearGPU/HLS/LineAlgorithms/lineAlgorithms/dda/.autopilot/db/lineAlgorithms.pragma.1.cpp -- -std=gnu++98 -fhls -ferror-limit=0
Command       tidy_31 done; 0.66 sec.
INFO-FLOW: Source preprocessing
Execute       clang  -fno-limit-debug-info -gcc-toolchain "/opt/Xilinx/Vivado/2018.2/lnx64/tools/gcc" -hls  -fno-exceptions  -D__llvm__  -E "/home/herreral/Code/SystemC/HLSLinearGPU/HLS/LineAlgorithms/lineAlgorithms/dda/.autopilot/db/lineAlgorithms.pragma.1.cpp"     -fno-math-errno -c -emit-llvm -O0  -mllvm -disable-llvm-optzns -fno-threadsafe-statics  -fno-use-cxa-atexit  -fno-threadsafe-statics -fno-use-cxa-atexit -D__CLANG_3_1__ -DAESL_SYN -D__SYNTHESIS__ -D__HLS_SYN__ -I "/opt/Xilinx/Vivado/2018.2/common/technology/autopilot" -I "/opt/Xilinx/Vivado/2018.2/common/technology/autopilot/ap_sysc" -include etc/autopilot_ssdm_op.h -D__DSP48E1__  -o "/home/herreral/Code/SystemC/HLSLinearGPU/HLS/LineAlgorithms/lineAlgorithms/dda/.autopilot/db/lineAlgorithms.pragma.2.cpp" 
INFO-FLOW: exec /opt/Xilinx/Vivado/2018.2/lnx64/tools/clang/bin/clang -fno-limit-debug-info -gcc-toolchain /opt/Xilinx/Vivado/2018.2/lnx64/tools/gcc -hls -fno-exceptions -D__llvm__ -E /home/herreral/Code/SystemC/HLSLinearGPU/HLS/LineAlgorithms/lineAlgorithms/dda/.autopilot/db/lineAlgorithms.pragma.1.cpp -fno-math-errno -c -emit-llvm -O0 -mllvm -disable-llvm-optzns -fno-threadsafe-statics -fno-use-cxa-atexit -fno-threadsafe-statics -fno-use-cxa-atexit -D__CLANG_3_1__ -DAESL_SYN -D__SYNTHESIS__ -D__HLS_SYN__ -I /opt/Xilinx/Vivado/2018.2/common/technology/autopilot -I /opt/Xilinx/Vivado/2018.2/common/technology/autopilot/ap_sysc -include etc/autopilot_ssdm_op.h -D__DSP48E1__ -o /home/herreral/Code/SystemC/HLSLinearGPU/HLS/LineAlgorithms/lineAlgorithms/dda/.autopilot/db/lineAlgorithms.pragma.2.cpp
Command       clang done; 1.69 sec.
Execute       get_default_platform 
INFO-FLOW: Processing labels
Execute       clang -src /home/herreral/Code/SystemC/HLSLinearGPU/HLS/LineAlgorithms/lineAlgorithms/dda/.autopilot/db/lineAlgorithms.pragma.2.cpp  -fno-limit-debug-info -gcc-toolchain /opt/Xilinx/Vivado/2018.2/lnx64/tools/gcc -hls -hls-analyze-label -hls-analyze-pragma -fno-exceptions  -D__llvm__  -w  "/home/herreral/Code/SystemC/HLSLinearGPU/HLS/LineAlgorithms/lineAlgorithms/dda/.autopilot/db/lineAlgorithms.pragma.2.cpp"    -fno-math-errno -c -emit-llvm -O0  -mllvm -disable-llvm-optzns -fno-threadsafe-statics  -fno-use-cxa-atexit -DAESL_SYN -D__SYNTHESIS__ -D__HLS_SYN__ -I "/opt/Xilinx/Vivado/2018.2/common/technology/autopilot" -I "/opt/Xilinx/Vivado/2018.2/common/technology/autopilot/ap_sysc" -include etc/autopilot_ssdm_op.h -D__DSP48E1__ -g -o "/home/herreral/Code/SystemC/HLSLinearGPU/HLS/LineAlgorithms/lineAlgorithms/dda/.autopilot/db/lineAlgorithms.bc" 
INFO-FLOW: exec /opt/Xilinx/Vivado/2018.2/lnx64/tools/clang/bin/clang -fno-limit-debug-info -gcc-toolchain /opt/Xilinx/Vivado/2018.2/lnx64/tools/gcc -hls -hls-analyze-label -hls-analyze-pragma -fno-exceptions -D__llvm__ -w /home/herreral/Code/SystemC/HLSLinearGPU/HLS/LineAlgorithms/lineAlgorithms/dda/.autopilot/db/lineAlgorithms.pragma.2.cpp -fno-math-errno -c -emit-llvm -O0 -mllvm -disable-llvm-optzns -fno-threadsafe-statics -fno-use-cxa-atexit -DAESL_SYN -D__SYNTHESIS__ -D__HLS_SYN__ -I /opt/Xilinx/Vivado/2018.2/common/technology/autopilot -I /opt/Xilinx/Vivado/2018.2/common/technology/autopilot/ap_sysc -include etc/autopilot_ssdm_op.h -D__DSP48E1__ -g -o /home/herreral/Code/SystemC/HLSLinearGPU/HLS/LineAlgorithms/lineAlgorithms/dda/.autopilot/db/lineAlgorithms.bc
Command       clang done; 1.49 sec.
INFO-FLOW: Linking Debug ...
Execute       llvm-ld /home/herreral/Code/SystemC/HLSLinearGPU/HLS/LineAlgorithms/lineAlgorithms/dda/.autopilot/db/lineAlgorithms.g.bc -hls-opt -except-internalize dda -L/opt/Xilinx/Vivado/2018.2/lnx64/lib -lhlsm -lhlsmc++ -o /home/herreral/Code/SystemC/HLSLinearGPU/HLS/LineAlgorithms/lineAlgorithms/dda/.autopilot/db/a.g 
Command       llvm-ld done; 1.63 sec.
INFO: [HLS 200-111] Finished Linking Time (s): cpu = 00:00:07 ; elapsed = 00:00:24 . Memory (MB): peak = 375.645 ; gain = 0.086 ; free physical = 149 ; free virtual = 2676
INFO: [HLS 200-111] Finished Checking Pragmas Time (s): cpu = 00:00:07 ; elapsed = 00:00:24 . Memory (MB): peak = 375.645 ; gain = 0.086 ; free physical = 149 ; free virtual = 2676
Execute       ::config_rtl 
Execute       opt_and_import_c a -opt_level=2 -skip_syncheck=0 -ng=0 -keep_printf=0 
Execute         cleanup_all_models 
INFO: [HLS 200-10] Starting code transformations ...
Execute         transform -promote-dbg-pointer /home/herreral/Code/SystemC/HLSLinearGPU/HLS/LineAlgorithms/lineAlgorithms/dda/.autopilot/db/a.pp.bc -o /home/herreral/Code/SystemC/HLSLinearGPU/HLS/LineAlgorithms/lineAlgorithms/dda/.autopilot/db/a.pp.0.bc -f 
Command         transform done; 1.13 sec.
Execute         llvm-ld /home/herreral/Code/SystemC/HLSLinearGPU/HLS/LineAlgorithms/lineAlgorithms/dda/.autopilot/db/a.pp.0.bc -disable-opt -L/opt/Xilinx/Vivado/2018.2/lnx64/lib -lfloatconversion -o /home/herreral/Code/SystemC/HLSLinearGPU/HLS/LineAlgorithms/lineAlgorithms/dda/.autopilot/db/a.g.0 
Command         llvm-ld done; 1.19 sec.
INFO-FLOW: Running Standard Transforms...
Execute         transform -hls -share-std-xform -demangle-name -inline-byval-memcpy -always-inline -promote-dbg-pointer -interface-preproc -scalarrepl -mem2reg -keep-read-access -instcombine -dce -promote-dbg-pointer -bitop-raise -loop-simplify -indvarspre -indvars -loop-simplify -xunroll -constprop -instcombine -simplifycfg -indvars -simplifycfg -dce -globaldce -basicaa -simplifycfg -mem2reg -globalopt -global-constprop -deadargelim -instcombine -simplifycfg -prune-eh -simplifycfg -scalarrepl -instcombine -reassociate -licm -simplifycfg -loop-simplify -indvars -instcombine -simplifycfg -mem2reg -loop-simplify -indvars -instcombine -gvn -gvn -instcombine -adce -break-crit-edges -simplifycfg -loop-delete -global-array-opt -dce -dse -adce -find-syn-modules -top dda -deadargelim -mem2reg -instcombine -dce -presyn-prepare -auto-rom-infer -interface-preproc -syn-check -check-rec-only -find-region -simplifycfg -func-extr -function-inline -globaldce -mem2reg -instcombine -dce -gvn -globaldce -adce -adse -constprop -instcombine -bit-constprop -instcombine -dce -simplifycfg -bitop-raise -simplifycfg -dce -loop-delete -reassociate -globalopt -global-privatize -mem2reg -dce -global-constprop -pointer-simplify -constprop -dce -func-inst -deadargelim -auto-shift-reg-idiom -promote-dbg-pointer -norm-name /home/herreral/Code/SystemC/HLSLinearGPU/HLS/LineAlgorithms/lineAlgorithms/dda/.autopilot/db/a.g.0.bc -o /home/herreral/Code/SystemC/HLSLinearGPU/HLS/LineAlgorithms/lineAlgorithms/dda/.autopilot/db/a.g.1.bc -f -phase std-opt 
INFO: [XFORM 203-603] Inlining function 'ap_fixed_base<137, 84, false, (ap_q_mode)5, (ap_o_mode)3, 0>::operator<<' into 'generic_cast_IEEE754<int, (ap_q_mode)6, double>' (/wrk/2018.2/continuous/2018_06_14_2258646/src/products/hls/hls_lib/hlsmath/include/FloatingPoint/hls_case_IEEE754.h:17).
INFO: [XFORM 203-603] Inlining function 'ap_fixed_base<1, 32, false, (ap_q_mode)5, (ap_o_mode)0, 0>::overflow_adjust' into 'ap_fixed_base<1, 32, false, (ap_q_mode)5, (ap_o_mode)0, 0>::ap_fixed_base<137, 84, false, (ap_q_mode)5, (ap_o_mode)3, 0>' ().
Command         transform done; 1.44 sec.
INFO: [HLS 200-111] Finished Standard Transforms Time (s): cpu = 00:00:09 ; elapsed = 00:00:28 . Memory (MB): peak = 506.426 ; gain = 130.867 ; free physical = 164 ; free virtual = 2662
INFO: [HLS 200-10] Checking synthesizability ...
INFO-FLOW: Checking Synthesizability 1/2..
Execute         transform -hls -syn-check -check-rec-only -disaggr -scalarrepl -norm-name -dce -mem2reg -instcombine -function-uniquify -directive-preproc -mem2reg -dse -dce -auto-rom-infer -dce -array-normalize -instcombine -dce -warn-fifo-pointer -array-seg-normalize -instcombine -dce -array-flatten -instcombine -dce -array-burst -dce -deadargelim -promote-global-argument -simplifycfg -mem2reg -globaldce -resolve-double-ptr -dce -deadargelim -dce -instcombine -function-inline -globaldce -dce -doublePtrSimplify -doublePtrElim -dce -doublePtrSimplify -promote-dbg-pointer -dce -scalarrepl -dse -adse -instcombine -ptrLegalization -simplifycfg -dce -instcombine -pointer-simplify -ptrArgReplace -dce -instcombine -disaggr -scalarrepl -norm-name -dce -mem2reg -instcombine -ptrLegalization -simplifycfg -deadargelim -instcombine -dce -inst-simplify -function-uniquify -directive-preproc -mem2reg -dse -dce -globaldce /home/herreral/Code/SystemC/HLSLinearGPU/HLS/LineAlgorithms/lineAlgorithms/dda/.autopilot/db/a.g.1.bc -o /home/herreral/Code/SystemC/HLSLinearGPU/HLS/LineAlgorithms/lineAlgorithms/dda/.autopilot/db/a.g.2.prechk.bc -f 
INFO: [XFORM 203-602] Inlining function 'fp_struct<double>::mantissa' into 'generic_cast_IEEE754<int, (ap_q_mode)6, double>' (/wrk/2018.2/continuous/2018_06_14_2258646/src/products/hls/hls_lib/hlsmath/include/FloatingPoint/hls_case_IEEE754.h:14) automatically.
INFO: [XFORM 203-602] Inlining function 'fp_struct<double>::expv' into 'generic_cast_IEEE754<int, (ap_q_mode)6, double>' (/wrk/2018.2/continuous/2018_06_14_2258646/src/products/hls/hls_lib/hlsmath/include/FloatingPoint/hls_case_IEEE754.h:17) automatically.
INFO: [XFORM 203-602] Inlining function 'fp_struct<double>::__signbit' into 'generic_cast_IEEE754<int, (ap_q_mode)6, double>' (/wrk/2018.2/continuous/2018_06_14_2258646/src/products/hls/hls_lib/hlsmath/include/FloatingPoint/hls_case_IEEE754.h:49) automatically.
INFO: [XFORM 203-602] Inlining function 'generic_cast_IEEE754<int, (ap_q_mode)6, double>' into 'generic_cast_IEEE754<int, double>' (/wrk/2018.2/continuous/2018_06_14_2258646/src/products/hls/hls_lib/hlsmath/include/FloatingPoint/hls_case_IEEE754.h:98) automatically.
INFO: [XFORM 203-602] Inlining function 'generic_cast_IEEE754<int, double>' into '__hls_fptosi_double_i32' (/wrk/2018.2/continuous/2018_06_14_2258646/src/products/hls/hls_lib/hlsmath/src/lib_floatconversion.cpp:54) automatically.
INFO: [XFORM 203-602] Inlining function 'abs' into 'dda' (../../Cpp/src/lineAlgorithms.cpp:108) automatically.
INFO: [XFORM 203-602] Inlining function 'round' into 'dda' (../../Cpp/src/lineAlgorithms.cpp:121) automatically.
INFO: [XFORM 203-602] Inlining function 'putPixel' into 'dda' (../../Cpp/src/lineAlgorithms.cpp:123) automatically.
Command         transform done; 1.39 sec.
INFO-FLOW: Checking Synthesizability 2/2..
Execute         transform -syn-check /home/herreral/Code/SystemC/HLSLinearGPU/HLS/LineAlgorithms/lineAlgorithms/dda/.autopilot/db/a.g.2.prechk.bc -o /home/herreral/Code/SystemC/HLSLinearGPU/HLS/LineAlgorithms/lineAlgorithms/dda/.autopilot/db/a.g.2.bc -f -phase syn-check 
Command         transform done; 0.18 sec.
INFO: [HLS 200-111] Finished Checking Synthesizability Time (s): cpu = 00:00:09 ; elapsed = 00:00:30 . Memory (MB): peak = 506.426 ; gain = 130.867 ; free physical = 120 ; free virtual = 2625
INFO-FLOW: Compiler optimizing ...
INFO-FLOW: Share syncheck's 1.bc for syn flow: copy /home/herreral/Code/SystemC/HLSLinearGPU/HLS/LineAlgorithms/lineAlgorithms/dda/.autopilot/db/a.g.1.bc to /home/herreral/Code/SystemC/HLSLinearGPU/HLS/LineAlgorithms/lineAlgorithms/dda/.autopilot/db/a.o.1.bc
INFO-FLOW: Presyn 1...
Execute         transform -hls -tmp /home/herreral/Code/SystemC/HLSLinearGPU/HLS/LineAlgorithms/lineAlgorithms/dda/.autopilot/db -interface-port-rename -type-info -function-uniquify -directive-preproc -mem2reg -dse -dce -disaggr -scalarrepl -norm-name -deadargelim -mem2reg -instcombine -dce -simplifycfg -auto-rom-infer -dce -function-uniquify -resource-proc -simplifycfg -mem2reg -globaldce -resolve-double-ptr -dce -deadargelim -dce -instcombine -clib-intrinsic-prepare -dce -func-buffer -dce -array-normalize -func-legal -instcombine -gvn -constprop -dce -ptrArgReplace -mem2reg -instcombine -dce -array-seg-normalize -deadargelim -instcombine -dce -pointer-simplify -dce -port-alignment -dce -interface-preproc -data-pack -instcombine -dce -basicaa -aggr-aa -aggrmodref-aa -aggr-aa -gvn -gvn -basicaa -aggr-aa -aggrmodref-aa -aggr-aa -dse -adse -adce -loop-simplify -indvars -instcombine -gvn -loop-simplify -mem2reg -dce -find-region -instcombine -auto-loop-pipeline -inst-simplify -interface-preproc -cfgopt -instcombine -indvars -auto-loop-unroll -loop-simplify -loop-bound -xunroll -constprop -instcombine -simplifycfg -indvars -simplifycfg -dce -globaldce -clean-region -attach-range -gvn -inst-simplify -constprop -simplifycfg -dce -pointer-simplify -dce -globalopt -constprop -dce -array-promote -constprop -instcombine -dce -ptrArgReplace -mem2reg -instcombine -simplifycfg -dce -auto-par -instcombine -dce -array-transform-check -array-reshape -instcombine -simplifycfg -dce -ptrArgReplace -deadargelim -mem2reg -instcombine -simplifycfg -dce -indvars -loop-simplify -loop-bound -xunroll -constprop -instcombine -simplifycfg -indvars -simplifycfg -dce -globaldce -duplicate-dataflow-processes -globaldce -instcombine -array-partition -instcombine -simplifycfg -dce -ptrArgReplace -global-constprop -deadargelim -mem2reg -func-legal -instcombine -dce -global-constprop -deadargelim -mem2reg -instcombine -simplifycfg -dce -merge-param -deadargelim -globalopt -constprop -dce -array-promote -constprop -instcombine -dce -ptrArgReplace -mem2reg -instcombine -simplifycfg -dce -mem-intrinsic-preproc -dce -global-internalize -global-privatize -mem2reg -globaldce -promote-global-argument -ptrArgReplace -mem2reg -instcombine -dce -globalopt -mergereturn -simplify-global-access -mem2reg -dce -pointer-simplify -dce -functionattrs -basicaa -aggr-aa -aggrmodref-aa -aggr-aa -gvn -gvn -basicaa -aggr-aa -aggrmodref-aa -aggr-aa -dse -adse -adce -inst-simplify -dce -norm-name -function-inline -globaldce -func-inst -constprop -instcombine -simplifycfg -dce -func-legal -dce -loop-bound -arraycheck -bitwidthmin -on-by-dataflow -loop-delete -instcombine -simplifycfg -globaldce -dce -gvn -deadargelim -dce -loop-simplify -clean-region -simplifycfg -propagate-stable-arguments -loop-stream -instcombine -simplifycfg -dce -globaldce -duplicate-dataflow-processes -stream-intrinsic-preproc -dce -check-ap-stream -loop-simplify -eliminate-keepreads -extract-dataflow-in-loop -loop-simplify -dce -gvn -deadargelim -dse -check-dataflow-syntax -legalize-stream-variable -legalize-global -extract-subproc -dce -dead-channel-elimination -canonicalize-gep -globaldce -dce -gvn -deadargelim -annotate-dataflow-channels -scalar-propagation -deadargelim -globaldce -mem2reg -check-dataflow-channels -function-stream -dce -globaldce -prop-fifo-spec -internal-stream-gen -canonicalize-gep -globaldce -dce -gvn -deadargelim -mergereturn -indvars -loop-simplify -instcombine -array-stream -array-seg-normalize -array-partition -func-legal -instcombine -simplifycfg -dce -bundle-memfifo-ops -deadargelim -function-uniquify -directive-preproc -mem2reg -dse -dce -group-axi-access -licm -simplifycfg -dce -loop-delete -norm-name /home/herreral/Code/SystemC/HLSLinearGPU/HLS/LineAlgorithms/lineAlgorithms/dda/.autopilot/db/a.o.1.bc -o /home/herreral/Code/SystemC/HLSLinearGPU/HLS/LineAlgorithms/lineAlgorithms/dda/.autopilot/db/a.o.1.tmp.bc -f 
INFO: [XFORM 203-602] Inlining function 'fp_struct<double>::mantissa' into 'generic_cast_IEEE754<int, (ap_q_mode)6, double>' (/wrk/2018.2/continuous/2018_06_14_2258646/src/products/hls/hls_lib/hlsmath/include/FloatingPoint/hls_case_IEEE754.h:14) automatically.
INFO: [XFORM 203-602] Inlining function 'fp_struct<double>::expv' into 'generic_cast_IEEE754<int, (ap_q_mode)6, double>' (/wrk/2018.2/continuous/2018_06_14_2258646/src/products/hls/hls_lib/hlsmath/include/FloatingPoint/hls_case_IEEE754.h:17) automatically.
INFO: [XFORM 203-602] Inlining function 'fp_struct<double>::__signbit' into 'generic_cast_IEEE754<int, (ap_q_mode)6, double>' (/wrk/2018.2/continuous/2018_06_14_2258646/src/products/hls/hls_lib/hlsmath/include/FloatingPoint/hls_case_IEEE754.h:49) automatically.
INFO: [XFORM 203-602] Inlining function 'generic_cast_IEEE754<int, (ap_q_mode)6, double>' into 'generic_cast_IEEE754<int, double>' (/wrk/2018.2/continuous/2018_06_14_2258646/src/products/hls/hls_lib/hlsmath/include/FloatingPoint/hls_case_IEEE754.h:98) automatically.
INFO: [XFORM 203-602] Inlining function 'generic_cast_IEEE754<int, double>' into '__hls_fptosi_double_i32' (/wrk/2018.2/continuous/2018_06_14_2258646/src/products/hls/hls_lib/hlsmath/src/lib_floatconversion.cpp:54) automatically.
INFO: [XFORM 203-602] Inlining function '__hls_fptosi_double_i32' into 'round' (../../Cpp/src/lineAlgorithms.cpp:150) automatically.
INFO: [XFORM 203-602] Inlining function 'abs' into 'dda' (../../Cpp/src/lineAlgorithms.cpp:108) automatically.
Command         transform done; 1.06 sec.
INFO-FLOW: Presyn 2...
Execute         transform -hls -keep-callgraph -scalarrepl -mem2reg -port-alignment -attach-range -dce -pipe-mux-gen -indvars -loop-bound -inst-simplify -instcombine -dce -merge-array-access -mem2reg -dce -clean-region -mergereturn -if-conv -instcombine -dce -constprop -basicaa -aggr-aa -aggrmodref-aa -aggr-aa -gvn -gvn -basicaa -aggr-aa -aggrmodref-aa -aggr-aa -dse -adse -adce -scalarrepl -mem2reg -global-constprop -deadargelim -deadargelim -instcombine -dce -simplifycfg -ptrArgReplace -mem2reg -function-inline -globaldce -mem2reg -instcombine -dce -expr-balance -instcombine -dce -bitwidthmin -interface-preproc -directive-preproc -inst-rectify -instcombine -dce -functionattrs -constprop -instcombine -bit-constprop -simplify-global-access -globalopt -globaldce -inst-simplify -instcombine -elimdeaddata -dce -loop-delete -simplifycfg -loop-simplify -auto-burst -norm-name /home/herreral/Code/SystemC/HLSLinearGPU/HLS/LineAlgorithms/lineAlgorithms/dda/.autopilot/db/a.o.1.tmp.bc -o /home/herreral/Code/SystemC/HLSLinearGPU/HLS/LineAlgorithms/lineAlgorithms/dda/.autopilot/db/a.o.2.bc -f -phase presyn 
INFO: [XFORM 203-401] Performing if-conversion on hyperblock from (../../Cpp/src/lineAlgorithms.cpp:147:17) to (../../Cpp/src/lineAlgorithms.cpp:153:1) in function 'round'... converting 4 basic blocks.
INFO: [XFORM 203-602] Inlining function 'round' into 'dda' (../../Cpp/src/lineAlgorithms.cpp:121) automatically.
Command         transform done; 0.87 sec.
INFO: [HLS 200-111] Finished Pre-synthesis Time (s): cpu = 00:00:10 ; elapsed = 00:00:32 . Memory (MB): peak = 569.750 ; gain = 194.191 ; free physical = 147 ; free virtual = 2600
INFO-FLOW: Building ssdm...
Execute         transform -hls -function-uniquify -auto-function-inline -globaldce -ptrArgReplace -mem2reg -instcombine -dce -reset-lda -loop-simplify -indvars -licm -loop-dep -loop-bound -licm -loop-simplify -flattenloopnest -array-flatten -gvn -instcombine -dce -array-map -dce -func-legal -gvn -adce -instcombine -cfgopt -simplifycfg -loop-simplify -array-burst -promote-global-argument -dce -axi4-lower -array-seg-normalize -basicaa -aggrmodref-aa -globalsmodref-aa -aggr-aa -gvn -gvn -basicaa -aggrmodref-aa -globalsmodref-aa -aggr-aa -dse -adse -adce -licm -inst-simplify -dce -globaldce -instcombine -array-stream -eliminate-keepreads -instcombine -dce -deadargelim -doublePtrSimplify -doublePtrElim -dce -doublePtrSimplify -promote-dbg-pointer -dce -scalarrepl -mem2reg -disaggr -norm-name -mem2reg -instcombine -dse -adse -adce -ptrLegalization -dce -auto-rom-infer -array-flatten -dce -instcombine -check-doubleptr -loop-rot -constprop -cfgopt -simplifycfg -loop-simplify -indvars -pointer-simplify -dce -loop-bound -loop-simplify -loop-preproc -constprop -global-constprop -gvn -mem2reg -instcombine -dce -loop-bound -loop-merge -dce -bitwidthmin -deadargelim -dce -canonicalize-dataflow -dce -scalar-propagation -deadargelim -globaldce -mem2reg -read-loop-dep -interface-preproc -directive-preproc -interface-gen -bram-byte-enable -deadargelim -inst-simplify -dce -gvn -mem2reg -instcombine -dce -adse -loop-bound -instcombine -cfgopt -simplifycfg -loop-simplify -clean-region -io-protocol -find-region -mem2reg -bitop-raise -inst-simplify -inst-rectify -instcombine -adce -deadargelim -loop-simplify -phi-opt -bitop-raise -cfgopt -simplifycfg -strip-dead-prototypes -interface-lower -bitop-lower -intrinsic-lower -auto-function-inline -basicaa -aggrmodref-aa -globalsmodref-aa -aggr-aa -inst-simplify -simplifycfg -loop-simplify -mergereturn -inst-simplify -inst-rectify -dce -load-elim -bitop-lower -loop-rewind -pointer-simplify -dce -cfgopt -dce -bitwidth -loop-dep -read-loop-dep -dce -check-stream -norm-name -legalize -validate-dataflow -dead-allocation-elimination -cdfg-build /home/herreral/Code/SystemC/HLSLinearGPU/HLS/LineAlgorithms/lineAlgorithms/dda/.autopilot/db/a.o.2.bc -o /home/herreral/Code/SystemC/HLSLinearGPU/HLS/LineAlgorithms/lineAlgorithms/dda/.autopilot/db/a.o.3.bc -f -phase build-ssdm 
Command         transform done; 0.68 sec.
INFO: [HLS 200-111] Finished Architecture Synthesis Time (s): cpu = 00:00:10 ; elapsed = 00:00:33 . Memory (MB): peak = 569.750 ; gain = 194.191 ; free physical = 131 ; free virtual = 2588
INFO-FLOW: Finish building internal data model.
Command       opt_and_import_c done; 9.28 sec.
Command     elaborate done; 33.02 sec.
Execute     autosyn -from_csynth_design=1 
INFO: [HLS 200-10] Starting hardware synthesis ...
INFO-FLOW: Synthesizing C/C++ design ...
INFO: [HLS 200-10] Synthesizing 'dda' ...
Execute       ap_set_top_model dda 
Execute       get_model_list dda -filter all-wo-channel -topdown 
Execute       preproc_iomode -model dda 
Execute       get_model_list dda -filter all-wo-channel 
INFO-FLOW: Model list for configure: dda
INFO-FLOW: Configuring Module : dda ...
Execute       set_default_model dda 
Execute       apply_spec_resource_limit dda 
INFO-FLOW: Model list for preprocess: dda
INFO-FLOW: Preprocessing Module: dda ...
Execute       set_default_model dda 
Execute       cdfg_preprocess -model dda 
Command       cdfg_preprocess done; 0.18 sec.
Execute       rtl_gen_preprocess dda 
INFO-FLOW: Model list for synthesis: dda
INFO: [HLS 200-10] ----------------------------------------------------------------
INFO: [HLS 200-42] -- Implementing module 'dda' 
INFO: [HLS 200-10] ----------------------------------------------------------------
Execute       set_default_model dda 
Execute       schedule -model dda 
INFO: [SCHED 204-11] Starting scheduling ...
INFO: [SCHED 204-11] Finished scheduling.
Command       schedule done; 2.34 sec.
INFO: [HLS 200-111]  Elapsed time: 36.47 seconds; current allocated memory: 183.977 MB.
Execute       report -o /home/herreral/Code/SystemC/HLSLinearGPU/HLS/LineAlgorithms/lineAlgorithms/dda/.autopilot/db/dda.verbose.sched.rpt -verbose -f 
INFO: [HLS 200-434] Only 0 loops out of a total 1 loops have been pipelined in this design.
Command       report done; 0.51 sec.
Execute       db_write -o /home/herreral/Code/SystemC/HLSLinearGPU/HLS/LineAlgorithms/lineAlgorithms/dda/.autopilot/db/dda.sched.adb -f 
Command       db_write done; 0.17 sec.
INFO-FLOW: Finish scheduling dda.
Execute       set_default_model dda 
Execute       bind -model dda 
BIND OPTION: fu_weight=[ 0.0 -- 1.0 ]
BIND OPTION: model=dda
BIND OPTION: reg_weight=[ 0.0 -- 1.0 ]
INFO: [BIND 205-100] Starting micro-architecture generation ...
INFO: [BIND 205-101] Performing variable lifetime analysis.
INFO: [BIND 205-101] Exploring resource sharing.
INFO: [BIND 205-101] Binding ...
INFO: [BIND 205-100] Finished micro-architecture generation.
Command       bind done; 2.58 sec.
INFO: [HLS 200-111]  Elapsed time: 3.33 seconds; current allocated memory: 184.804 MB.
Execute       report -o /home/herreral/Code/SystemC/HLSLinearGPU/HLS/LineAlgorithms/lineAlgorithms/dda/.autopilot/db/dda.verbose.bind.rpt -verbose -f 
Command       report done; 0.47 sec.
Execute       db_write -o /home/herreral/Code/SystemC/HLSLinearGPU/HLS/LineAlgorithms/lineAlgorithms/dda/.autopilot/db/dda.bind.adb -f 
INFO-FLOW: Finish binding dda.
Execute       get_model_list dda -filter all-wo-channel 
INFO-FLOW: Preprocessing for RTLGen ...
Execute       rtl_gen_preprocess dda 
INFO-FLOW: Model list for RTL generation: dda
INFO: [HLS 200-10] ----------------------------------------------------------------
INFO: [HLS 200-10] -- Generating RTL for module 'dda' 
INFO: [HLS 200-10] ----------------------------------------------------------------
Execute       get_config_rtl -prefix 
Execute       get_config_rtl -auto_prefix 
Execute       create_rtl_model dda -vendor xilinx -mg_file /home/herreral/Code/SystemC/HLSLinearGPU/HLS/LineAlgorithms/lineAlgorithms/dda/.autopilot/db/dda.compgen.tcl 
INFO: [RTGEN 206-500] Setting interface mode on port 'dda/x0' to 'ap_none'.
INFO: [RTGEN 206-500] Setting interface mode on port 'dda/y0' to 'ap_none'.
INFO: [RTGEN 206-500] Setting interface mode on port 'dda/x1' to 'ap_none'.
INFO: [RTGEN 206-500] Setting interface mode on port 'dda/y1' to 'ap_none'.
INFO: [RTGEN 206-500] Setting interface mode on port 'dda/xp' to 'ap_vld'.
INFO: [RTGEN 206-500] Setting interface mode on port 'dda/yp' to 'ap_vld'.
INFO: [RTGEN 206-500] Setting interface mode on function 'dda' to 'ap_ctrl_hs'.
INFO: [SYN 201-210] Renamed object name 'dda_fadd_32ns_32ns_32_5_full_dsp_1' to 'dda_fadd_32ns_32nbkb' due to the length limit 20
INFO: [SYN 201-210] Renamed object name 'dda_fdiv_32ns_32ns_32_12_1' to 'dda_fdiv_32ns_32ncud' due to the length limit 20
INFO: [SYN 201-210] Renamed object name 'dda_sitofp_32ns_32_5_1' to 'dda_sitofp_32ns_3dEe' due to the length limit 20
INFO: [SYN 201-210] Renamed object name 'dda_fpext_32ns_64_1_1' to 'dda_fpext_32ns_64eOg' due to the length limit 20
INFO: [SYN 201-210] Renamed object name 'dda_fcmp_32ns_32ns_1_1_1' to 'dda_fcmp_32ns_32nfYi' due to the length limit 20
INFO: [SYN 201-210] Renamed object name 'dda_dadd_64ns_64ns_64_6_full_dsp_1' to 'dda_dadd_64ns_64ng8j' due to the length limit 20
INFO: [RTGEN 206-100] Generating core module 'dda_dadd_64ns_64ng8j': 2 instance(s).
INFO: [RTGEN 206-100] Generating core module 'dda_fadd_32ns_32nbkb': 2 instance(s).
INFO: [RTGEN 206-100] Generating core module 'dda_fcmp_32ns_32nfYi': 2 instance(s).
INFO: [RTGEN 206-100] Generating core module 'dda_fdiv_32ns_32ncud': 2 instance(s).
INFO: [RTGEN 206-100] Generating core module 'dda_fpext_32ns_64eOg': 2 instance(s).
INFO: [RTGEN 206-100] Generating core module 'dda_sitofp_32ns_3dEe': 3 instance(s).
INFO: [RTGEN 206-100] Finished creating RTL model for 'dda'.
Command       create_rtl_model done; 1.09 sec.
INFO: [HLS 200-111]  Elapsed time: 6.56 seconds; current allocated memory: 186.268 MB.
Execute       source /home/herreral/Code/SystemC/HLSLinearGPU/HLS/LineAlgorithms/lineAlgorithms/dda/.autopilot/db/dda.rtl_wrap.cfg.tcl 
Execute       gen_rtl dda -istop -style xilinx -tracefl mytrace -tracefmt vcd -traceopt all -f -lang sc -o /home/herreral/Code/SystemC/HLSLinearGPU/HLS/LineAlgorithms/lineAlgorithms/dda/syn/systemc/dda -synmodules dda 
Execute       gen_rtl dda -istop -style xilinx -f -lang vhdl -o /home/herreral/Code/SystemC/HLSLinearGPU/HLS/LineAlgorithms/lineAlgorithms/dda/syn/vhdl/dda 
Command       gen_rtl done; 0.19 sec.
Execute       gen_rtl dda -istop -style xilinx -f -lang vlog -o /home/herreral/Code/SystemC/HLSLinearGPU/HLS/LineAlgorithms/lineAlgorithms/dda/syn/verilog/dda 
Execute       export_constraint_db -o /home/herreral/Code/SystemC/HLSLinearGPU/HLS/LineAlgorithms/lineAlgorithms/dda/.autopilot/db/dda.constraint.tcl -f -tool general 
Execute       report -model dda -o /home/herreral/Code/SystemC/HLSLinearGPU/HLS/LineAlgorithms/lineAlgorithms/dda/.autopilot/db/dda.design.xml -verbose -f -dv 
Execute       report -model dda -o /home/herreral/Code/SystemC/HLSLinearGPU/HLS/LineAlgorithms/lineAlgorithms/dda/.autopilot/db/dda.sdaccel.xml -verbose -f -sdaccel 
Command       report done; 0.44 sec.
Execute       gen_tb_info dda -o /home/herreral/Code/SystemC/HLSLinearGPU/HLS/LineAlgorithms/lineAlgorithms/dda/.autopilot/db/dda -p /home/herreral/Code/SystemC/HLSLinearGPU/HLS/LineAlgorithms/lineAlgorithms/dda/.autopilot/db 
Command       gen_tb_info done; 0.4 sec.
Execute       report -model dda -o /home/herreral/Code/SystemC/HLSLinearGPU/HLS/LineAlgorithms/lineAlgorithms/dda/syn/report/dda_csynth.rpt -f 
Execute       report -model dda -o /home/herreral/Code/SystemC/HLSLinearGPU/HLS/LineAlgorithms/lineAlgorithms/dda/syn/report/dda_csynth.xml -f -x 
Execute       report -model dda -o /home/herreral/Code/SystemC/HLSLinearGPU/HLS/LineAlgorithms/lineAlgorithms/dda/.autopilot/db/dda.verbose.rpt -verbose -f 
Command       report done; 0.19 sec.
Execute       db_write -model dda -o /home/herreral/Code/SystemC/HLSLinearGPU/HLS/LineAlgorithms/lineAlgorithms/dda/.autopilot/db/dda.adb -f 
Command       db_write done; 0.19 sec.
Execute       sc_get_clocks dda 
Execute       sc_get_portdomain dda 
INFO-FLOW: Model list for RTL component generation: dda
INFO-FLOW: Handling components in module [dda] ... 
Execute       source /home/herreral/Code/SystemC/HLSLinearGPU/HLS/LineAlgorithms/lineAlgorithms/dda/.autopilot/db/dda.compgen.tcl 
INFO-FLOW: Found component dda_fadd_32ns_32nbkb.
INFO-FLOW: Append model dda_fadd_32ns_32nbkb
INFO-FLOW: Found component dda_fdiv_32ns_32ncud.
INFO-FLOW: Append model dda_fdiv_32ns_32ncud
INFO-FLOW: Found component dda_sitofp_32ns_3dEe.
INFO-FLOW: Append model dda_sitofp_32ns_3dEe
INFO-FLOW: Found component dda_fpext_32ns_64eOg.
INFO-FLOW: Append model dda_fpext_32ns_64eOg
INFO-FLOW: Found component dda_fcmp_32ns_32nfYi.
INFO-FLOW: Append model dda_fcmp_32ns_32nfYi
INFO-FLOW: Found component dda_dadd_64ns_64ng8j.
INFO-FLOW: Append model dda_dadd_64ns_64ng8j
INFO-FLOW: Append model dda
INFO-FLOW: Generating RTL model list ...
INFO-FLOW: All models in this session: dda_fadd_32ns_32nbkb dda_fdiv_32ns_32ncud dda_sitofp_32ns_3dEe dda_fpext_32ns_64eOg dda_fcmp_32ns_32nfYi dda_dadd_64ns_64ng8j dda
INFO-FLOW: To file: write model dda_fadd_32ns_32nbkb
INFO-FLOW: To file: write model dda_fdiv_32ns_32ncud
INFO-FLOW: To file: write model dda_sitofp_32ns_3dEe
INFO-FLOW: To file: write model dda_fpext_32ns_64eOg
INFO-FLOW: To file: write model dda_fcmp_32ns_32nfYi
INFO-FLOW: To file: write model dda_dadd_64ns_64ng8j
INFO-FLOW: To file: write model dda
INFO-FLOW: Finished generating RTL model list.


INFO-FLOW: RTL Generation done.
INFO-FLOW: CAS Generation done.
INFO-FLOW: CBC Generation done.
Execute       get_config_sdx -target 
Execute       source /home/herreral/Code/SystemC/HLSLinearGPU/HLS/LineAlgorithms/lineAlgorithms/dda/.autopilot/db/global.setting.tcl 
Execute       source /opt/Xilinx/Vivado/2018.2/common/technology/generic/autopilot/common.gen 
Execute         source /opt/Xilinx/Vivado/2018.2/common/technology/generic/autopilot/APCoreGen.gen 
Execute       source /opt/Xilinx/Vivado/2018.2/common/technology/generic/autopilot/op.gen 
Execute       source /opt/Xilinx/Vivado/2018.2/common/technology/generic/autopilot/op_simcore.gen 
Execute       source /opt/Xilinx/Vivado/2018.2/common/technology/generic/autopilot/interface.gen 
Execute       source /home/herreral/Code/SystemC/HLSLinearGPU/HLS/LineAlgorithms/lineAlgorithms/dda/.autopilot/db/global.setting.tcl 
Execute       source /opt/Xilinx/Vivado/2018.2/common/technology/xilinx/aartix7/aartix7.gen 
Execute         source /opt/Xilinx/Vivado/2018.2/common/technology/xilinx/common/virtex.gen 
Execute           source /opt/Xilinx/Vivado/2018.2/common/technology/xilinx/common/xilinx.gen 
Execute             source /opt/Xilinx/Vivado/2018.2/common/technology/xilinx/interface/plb46.gen 
Execute             source /opt/Xilinx/Vivado/2018.2/common/technology/xilinx/interface/fsl.gen 
Execute             source /opt/Xilinx/Vivado/2018.2/common/technology/xilinx/interface/axi4.gen 
Execute             source /opt/Xilinx/Vivado/2018.2/common/technology/xilinx/interface/nativeAXI4.gen 
Execute               source /opt/Xilinx/Vivado/2018.2/common/technology/xilinx/interface/saxilite.gen 
Execute               source /opt/Xilinx/Vivado/2018.2/common/technology/xilinx/interface/maxi.gen 
Command               ap_source done; 0.12 sec.
Command             ap_source done; 0.23 sec.
Execute             source /opt/Xilinx/Vivado/2018.2/common/technology/xilinx/scripts/xilinxcoregen.gen 
Execute             source /opt/Xilinx/Vivado/2018.2/common/technology/xilinx/interface/XilEDKCoreGen.gen 
Execute             source /opt/Xilinx/Vivado/2018.2/common/technology/xilinx/ip/dds_compiler.gen 
Execute             source /opt/Xilinx/Vivado/2018.2/common/technology/xilinx/ip/util.gen 
Execute             source /opt/Xilinx/Vivado/2018.2/common/technology/xilinx/ip/xfft.gen 
Command             ap_source done; 0.17 sec.
Execute             source /opt/Xilinx/Vivado/2018.2/common/technology/xilinx/ip/xfir.gen 
Command             ap_source done; 0.2 sec.
Command           ap_source done; 1.05 sec.
Execute           source /opt/Xilinx/Vivado/2018.2/common/technology/xilinx/common/dsp48.gen 
Command         ap_source done; 1.22 sec.
Command       ap_source done; 1.23 sec.
Execute       source /opt/Xilinx/Vivado/2018.2/common/technology/xilinx/aartix7/aartix7_fpv6.gen 
Execute         source /opt/Xilinx/Vivado/2018.2/common/technology/xilinx/common/xilinx_fpv6.gen 
Execute       source /home/herreral/Code/SystemC/HLSLinearGPU/HLS/LineAlgorithms/lineAlgorithms/dda/.autopilot/db/global.setting.tcl 
Execute       source /home/herreral/Code/SystemC/HLSLinearGPU/HLS/LineAlgorithms/lineAlgorithms/dda/.autopilot/db/global.setting.tcl 
Execute       source /home/herreral/Code/SystemC/HLSLinearGPU/HLS/LineAlgorithms/lineAlgorithms/dda/.autopilot/db/global.setting.tcl 
Execute       source /home/herreral/Code/SystemC/HLSLinearGPU/HLS/LineAlgorithms/lineAlgorithms/dda/.autopilot/db/dda.compgen.tcl 
Command       ap_source done; 0.23 sec.
Execute       get_config_sdx -target 
Execute       source /home/herreral/Code/SystemC/HLSLinearGPU/HLS/LineAlgorithms/lineAlgorithms/dda/.autopilot/db/global.setting.tcl 
Execute       source /opt/Xilinx/Vivado/2018.2/common/technology/generic/autopilot/common.gen 
Execute         source /opt/Xilinx/Vivado/2018.2/common/technology/generic/autopilot/APCoreGen.gen 
Execute       source /opt/Xilinx/Vivado/2018.2/common/technology/generic/autopilot/op.gen 
Execute       source /opt/Xilinx/Vivado/2018.2/common/technology/generic/autopilot/op_simcore.gen 
Execute       source /opt/Xilinx/Vivado/2018.2/common/technology/generic/autopilot/interface.gen 
Execute       source /home/herreral/Code/SystemC/HLSLinearGPU/HLS/LineAlgorithms/lineAlgorithms/dda/.autopilot/db/global.setting.tcl 
Execute       source /opt/Xilinx/Vivado/2018.2/common/technology/xilinx/aartix7/aartix7.gen 
Execute         source /opt/Xilinx/Vivado/2018.2/common/technology/xilinx/common/virtex.gen 
Execute           source /opt/Xilinx/Vivado/2018.2/common/technology/xilinx/common/xilinx.gen 
Execute             source /opt/Xilinx/Vivado/2018.2/common/technology/xilinx/interface/plb46.gen 
Execute             source /opt/Xilinx/Vivado/2018.2/common/technology/xilinx/interface/fsl.gen 
Execute             source /opt/Xilinx/Vivado/2018.2/common/technology/xilinx/interface/axi4.gen 
Execute             source /opt/Xilinx/Vivado/2018.2/common/technology/xilinx/interface/nativeAXI4.gen 
Execute               source /opt/Xilinx/Vivado/2018.2/common/technology/xilinx/interface/saxilite.gen 
Execute               source /opt/Xilinx/Vivado/2018.2/common/technology/xilinx/interface/maxi.gen 
Execute             source /opt/Xilinx/Vivado/2018.2/common/technology/xilinx/scripts/xilinxcoregen.gen 
Execute             source /opt/Xilinx/Vivado/2018.2/common/technology/xilinx/interface/XilEDKCoreGen.gen 
Execute             source /opt/Xilinx/Vivado/2018.2/common/technology/xilinx/ip/dds_compiler.gen 
Execute             source /opt/Xilinx/Vivado/2018.2/common/technology/xilinx/ip/util.gen 
Execute             source /opt/Xilinx/Vivado/2018.2/common/technology/xilinx/ip/xfft.gen 
Execute             source /opt/Xilinx/Vivado/2018.2/common/technology/xilinx/ip/xfir.gen 
Command           ap_source done; 0.12 sec.
Execute           source /opt/Xilinx/Vivado/2018.2/common/technology/xilinx/common/dsp48.gen 
Command         ap_source done; 0.12 sec.
Command       ap_source done; 0.12 sec.
Execute       source /opt/Xilinx/Vivado/2018.2/common/technology/xilinx/aartix7/aartix7_fpv6.gen 
Execute         source /opt/Xilinx/Vivado/2018.2/common/technology/xilinx/common/xilinx_fpv6.gen 
Execute       source /home/herreral/Code/SystemC/HLSLinearGPU/HLS/LineAlgorithms/lineAlgorithms/dda/.autopilot/db/dda.rtl_wrap.cfg.tcl 
Execute       source /home/herreral/Code/SystemC/HLSLinearGPU/HLS/LineAlgorithms/lineAlgorithms/dda/.autopilot/db/dda.rtl_wrap.cfg.tcl 
Execute       source /home/herreral/Code/SystemC/HLSLinearGPU/HLS/LineAlgorithms/lineAlgorithms/dda/.autopilot/db/dda.rtl_wrap.cfg.tcl 
Execute       source /home/herreral/Code/SystemC/HLSLinearGPU/HLS/LineAlgorithms/lineAlgorithms/dda/.autopilot/db/dda.tbgen.tcl 
Execute       source /home/herreral/Code/SystemC/HLSLinearGPU/HLS/LineAlgorithms/lineAlgorithms/dda/.autopilot/db/dda.tbgen.tcl 
Execute       source /home/herreral/Code/SystemC/HLSLinearGPU/HLS/LineAlgorithms/lineAlgorithms/dda/.autopilot/db/global.setting.tcl 
Execute       source /home/herreral/Code/SystemC/HLSLinearGPU/HLS/LineAlgorithms/lineAlgorithms/dda/.autopilot/db/dda.compgen.tcl 
Execute       source /home/herreral/Code/SystemC/HLSLinearGPU/HLS/LineAlgorithms/lineAlgorithms/dda/.autopilot/db/global.setting.tcl 
Execute       source /home/herreral/Code/SystemC/HLSLinearGPU/HLS/LineAlgorithms/lineAlgorithms/dda/.autopilot/db/dda.compgen.tcl 
Execute       source /home/herreral/Code/SystemC/HLSLinearGPU/HLS/LineAlgorithms/lineAlgorithms/dda/.autopilot/db/global.setting.tcl 
Execute       source /home/herreral/Code/SystemC/HLSLinearGPU/HLS/LineAlgorithms/lineAlgorithms/dda/.autopilot/db/dda.compgen.tcl 
Execute       source /home/herreral/Code/SystemC/HLSLinearGPU/HLS/LineAlgorithms/lineAlgorithms/dda/.autopilot/db/global.setting.tcl 
Execute       source /home/herreral/Code/SystemC/HLSLinearGPU/HLS/LineAlgorithms/lineAlgorithms/dda/.autopilot/db/dda.constraint.tcl 
Execute       source /home/herreral/Code/SystemC/HLSLinearGPU/HLS/LineAlgorithms/lineAlgorithms/dda/.autopilot/db/dda.tbgen.tcl 
Execute       source /home/herreral/Code/SystemC/HLSLinearGPU/HLS/LineAlgorithms/lineAlgorithms/dda/.autopilot/db/global.setting.tcl 
Execute       source /home/herreral/Code/SystemC/HLSLinearGPU/HLS/LineAlgorithms/lineAlgorithms/dda/.autopilot/db/global.setting.tcl 
Execute       source /home/herreral/Code/SystemC/HLSLinearGPU/HLS/LineAlgorithms/lineAlgorithms/dda/.autopilot/db/global.setting.tcl 
Execute       source /home/herreral/Code/SystemC/HLSLinearGPU/HLS/LineAlgorithms/lineAlgorithms/dda/.autopilot/db/dda.tbgen.tcl 
Execute       source /home/herreral/Code/SystemC/HLSLinearGPU/HLS/LineAlgorithms/lineAlgorithms/dda/.autopilot/db/dda.tbgen.tcl 
Execute       source /home/herreral/Code/SystemC/HLSLinearGPU/HLS/LineAlgorithms/lineAlgorithms/dda/.autopilot/db/dda.tbgen.tcl 
Execute       source /home/herreral/Code/SystemC/HLSLinearGPU/HLS/LineAlgorithms/lineAlgorithms/dda/.autopilot/db/global.setting.tcl 
Execute       source /home/herreral/Code/SystemC/HLSLinearGPU/HLS/LineAlgorithms/lineAlgorithms/dda/.autopilot/db/dda.constraint.tcl 
Execute       sc_get_clocks dda 
Execute       source /home/herreral/Code/SystemC/HLSLinearGPU/HLS/LineAlgorithms/lineAlgorithms/dda/.autopilot/db/global.setting.tcl 
Execute       source /home/herreral/Code/SystemC/HLSLinearGPU/HLS/LineAlgorithms/lineAlgorithms/dda/impl/misc/dda_ap_dadd_4_full_dsp_64_ip.tcl 
Execute       source /home/herreral/Code/SystemC/HLSLinearGPU/HLS/LineAlgorithms/lineAlgorithms/dda/impl/misc/dda_ap_fadd_3_full_dsp_32_ip.tcl 
Execute       source /home/herreral/Code/SystemC/HLSLinearGPU/HLS/LineAlgorithms/lineAlgorithms/dda/impl/misc/dda_ap_fcmp_0_no_dsp_32_ip.tcl 
Execute       source /home/herreral/Code/SystemC/HLSLinearGPU/HLS/LineAlgorithms/lineAlgorithms/dda/impl/misc/dda_ap_fdiv_10_no_dsp_32_ip.tcl 
Execute       source /home/herreral/Code/SystemC/HLSLinearGPU/HLS/LineAlgorithms/lineAlgorithms/dda/impl/misc/dda_ap_fpext_0_no_dsp_32_ip.tcl 
Execute       source /home/herreral/Code/SystemC/HLSLinearGPU/HLS/LineAlgorithms/lineAlgorithms/dda/impl/misc/dda_ap_sitofp_3_no_dsp_32_ip.tcl 
Execute       get_config_sdx -target 
Execute       get_config_sdx -profile 
Execute       ::config_rtl 
Command       config_rtl done; 0.2 sec.
INFO: [HLS 200-111] Finished generating all RTL models Time (s): cpu = 00:00:12 ; elapsed = 00:00:54 . Memory (MB): peak = 569.750 ; gain = 194.191 ; free physical = 132 ; free virtual = 2550
INFO: [SYSC 207-301] Generating SystemC RTL for dda.
INFO: [VHDL 208-304] Generating VHDL RTL for dda.
INFO: [VLOG 209-307] Generating Verilog RTL for dda.
Command     autosyn done; 21.04 sec.
Command   csynth_design done; 54.07 sec.
Command ap_source done; 54.29 sec.
Execute cleanup_all 
Command cleanup_all done; 0.8 sec.
INFO-FLOW: Workspace /home/herreral/Code/SystemC/HLSLinearGPU/HLS/LineAlgorithms/lineAlgorithms/dda opened at Wed Aug 22 22:20:33 CST 2018
Execute     config_clock -quiet -name default -period 10 -default=false 
INFO: [SYN 201-201] Setting up clock 'default' with a period of 10ns.
Execute     open_platform DefaultPlatform 
Execute     import_lib /opt/Xilinx/Vivado/2018.2/common/technology/xilinx/aartix7/aartix7 
Execute       source /opt/Xilinx/Vivado/2018.2/common/technology/xilinx/common/xilinx.lib 
Execute         source /opt/Xilinx/Vivado/2018.2/common/technology/xilinx/interface/xilinx_interface.lib 
Execute           source /opt/Xilinx/Vivado/2018.2/common/technology/xilinx/interface/plb46.lib 
Execute           source /opt/Xilinx/Vivado/2018.2/common/technology/xilinx/interface/fsl.lib 
Execute           source /opt/Xilinx/Vivado/2018.2/common/technology/xilinx/interface/axi4.lib 
Execute           source /opt/Xilinx/Vivado/2018.2/common/technology/xilinx/interface/maxi.lib 
Execute           source /opt/Xilinx/Vivado/2018.2/common/technology/xilinx/interface/saxilite.lib 
Execute         source /opt/Xilinx/Vivado/2018.2/common/technology/xilinx/common/dsp48.lib 
Execute         source /opt/Xilinx/Vivado/2018.2/common/technology/xilinx/ip/xfft.lib 
Execute         source /opt/Xilinx/Vivado/2018.2/common/technology/xilinx/ip/xfir.lib 
Execute         source /opt/Xilinx/Vivado/2018.2/common/technology/xilinx/ip/dds_compiler.lib 
Execute       source /opt/Xilinx/Vivado/2018.2/common/technology/xilinx/common/xilinx_old.lib 
Execute       source /opt/Xilinx/Vivado/2018.2/common/technology/xilinx/common/xilinx_vivado.lib 
Execute       source /opt/Xilinx/Vivado/2018.2/common/technology/xilinx/common/xilinx.hlp 
Execute         source /opt/Xilinx/Vivado/2018.2/common/technology/xilinx/common/target_info.tcl 
Execute         source /opt/Xilinx/Vivado/2018.2/common/technology/xilinx/interface/xilinx_interface.hlp 
Execute           source /opt/Xilinx/Vivado/2018.2/common/technology/xilinx/interface/maxi.hlp 
Execute           source /opt/Xilinx/Vivado/2018.2/common/technology/xilinx/interface/saxilite.hlp 
Execute         source /opt/Xilinx/Vivado/2018.2/common/technology/xilinx/common/dsp48.hlp 
Execute       source /opt/Xilinx/Vivado/2018.2/common/technology/xilinx/aartix7/dsp48e1.hlp 
Execute       get_default_platform 
Execute       config_chip_info -quiet -resource  {SLICE 15850} {LUT 63400}     {FF 126800} {DSP48E 240}    {BRAM 270}  
Execute       config_chip_info -quiet -speed medium 
Execute       source /opt/Xilinx/Vivado/2018.2/common/technology/xilinx/common/xilinx.hlp 
Execute         source /opt/Xilinx/Vivado/2018.2/common/technology/xilinx/common/target_info.tcl 
Execute         source /opt/Xilinx/Vivado/2018.2/common/technology/xilinx/interface/xilinx_interface.hlp 
Execute           source /opt/Xilinx/Vivado/2018.2/common/technology/xilinx/interface/maxi.hlp 
Execute           source /opt/Xilinx/Vivado/2018.2/common/technology/xilinx/interface/saxilite.hlp 
Execute         source /opt/Xilinx/Vivado/2018.2/common/technology/xilinx/common/dsp48.hlp 
Command     import_lib done; 0.21 sec.
Execute     source /opt/Xilinx/Vivado/2018.2/common/technology/xilinx/aartix7/aartix7.gen 
Execute       source /opt/Xilinx/Vivado/2018.2/common/technology/xilinx/common/virtex.gen 
Execute         source /opt/Xilinx/Vivado/2018.2/common/technology/xilinx/common/xilinx.gen 
Execute           source /opt/Xilinx/Vivado/2018.2/common/technology/xilinx/interface/plb46.gen 
Execute           source /opt/Xilinx/Vivado/2018.2/common/technology/xilinx/interface/fsl.gen 
Execute           source /opt/Xilinx/Vivado/2018.2/common/technology/xilinx/interface/axi4.gen 
Execute           source /opt/Xilinx/Vivado/2018.2/common/technology/xilinx/interface/nativeAXI4.gen 
Execute             source /opt/Xilinx/Vivado/2018.2/common/technology/xilinx/interface/saxilite.gen 
Execute             source /opt/Xilinx/Vivado/2018.2/common/technology/xilinx/interface/maxi.gen 
Execute           source /opt/Xilinx/Vivado/2018.2/common/technology/xilinx/scripts/xilinxcoregen.gen 
Execute           source /opt/Xilinx/Vivado/2018.2/common/technology/xilinx/interface/XilEDKCoreGen.gen 
Execute           source /opt/Xilinx/Vivado/2018.2/common/technology/xilinx/ip/dds_compiler.gen 
Execute           source /opt/Xilinx/Vivado/2018.2/common/technology/xilinx/ip/util.gen 
Execute           source /opt/Xilinx/Vivado/2018.2/common/technology/xilinx/ip/xfft.gen 
Execute           source /opt/Xilinx/Vivado/2018.2/common/technology/xilinx/ip/xfir.gen 
Execute         source /opt/Xilinx/Vivado/2018.2/common/technology/xilinx/common/dsp48.gen 
Execute     open_platform DefaultPlatform 
Execute     import_lib /opt/Xilinx/Vivado/2018.2/common/technology/xilinx/aartix7/aartix7_fpv6 
Execute       source /opt/Xilinx/Vivado/2018.2/common/technology/xilinx/common/xilinx_fpv7.lib 
Execute         source /opt/Xilinx/Vivado/2018.2/common/technology/xilinx/common/xilinx_hp.lib 
Execute       source /opt/Xilinx/Vivado/2018.2/common/technology/xilinx/common/xilinx_fpv.hlp 
Execute         source /opt/Xilinx/Vivado/2018.2/common/technology/xilinx/common/xilinx.hlp 
Execute           source /opt/Xilinx/Vivado/2018.2/common/technology/xilinx/common/target_info.tcl 
Execute           source /opt/Xilinx/Vivado/2018.2/common/technology/xilinx/interface/xilinx_interface.hlp 
Execute             source /opt/Xilinx/Vivado/2018.2/common/technology/xilinx/interface/maxi.hlp 
Execute             source /opt/Xilinx/Vivado/2018.2/common/technology/xilinx/interface/saxilite.hlp 
Execute           source /opt/Xilinx/Vivado/2018.2/common/technology/xilinx/common/dsp48.hlp 
Execute       source /opt/Xilinx/Vivado/2018.2/common/technology/xilinx/aartix7/aartix7_hp.hlp 
Execute     source /opt/Xilinx/Vivado/2018.2/common/technology/xilinx/aartix7/aartix7_fpv6.gen 
Execute       source /opt/Xilinx/Vivado/2018.2/common/technology/xilinx/common/xilinx_fpv6.gen 
Execute     set_part xa7a12tcsg325-1q 
Execute       add_library xilinx/aartix7/aartix7:xa7a12t:csg325:-1q 
Execute         get_default_platform 
Execute         license_isbetapart xa7a12t 
Command         license_isbetapart done; error code: 1; 
Execute         get_default_platform 
Execute         config_chip_info -quiet -resource  {SLICE 2000}  {LUT 8000}      {FF 16000}  {DSP48E 40}     {BRAM 40}  
Execute         config_chip_info -quiet -speed slow 
Execute       add_library xilinx/aartix7/aartix7_fpv6 
Execute         get_default_platform 
INFO: [HLS 200-10] Setting target device to 'xa7a12tcsg325-1q'
Execute       get_default_platform 
Command     set_part done; 0.16 sec.
Execute     get_default_platform 
Execute     config_chip_info -quiet -resource  {SLICE 2000}  {LUT 8000}      {FF 16000}  {DSP48E 40}     {BRAM 40}  
Execute     config_chip_info -quiet -speed slow 
Command   open_solution done; 0.53 sec.
Execute   cosim_design -trace_level all -tool xsim 
Execute     source /home/herreral/Code/SystemC/HLSLinearGPU/HLS/LineAlgorithms/lineAlgorithms/dda/.autopilot/db/global.setting.tcl 
Execute     source /home/herreral/Code/SystemC/HLSLinearGPU/HLS/LineAlgorithms/lineAlgorithms/dda/.autopilot/db/global.setting.tcl 
Execute     source /home/herreral/Code/SystemC/HLSLinearGPU/HLS/LineAlgorithms/lineAlgorithms/dda/.autopilot/db/global.setting.tcl 
Execute     source /opt/Xilinx/Vivado/2018.2/common/technology/generic/autopilot/common.gen 
Execute       source /opt/Xilinx/Vivado/2018.2/common/technology/generic/autopilot/APCoreGen.gen 
Execute     source /opt/Xilinx/Vivado/2018.2/common/technology/generic/autopilot/op.gen 
Execute     source /opt/Xilinx/Vivado/2018.2/common/technology/generic/autopilot/op_simcore.gen 
Execute     source /opt/Xilinx/Vivado/2018.2/common/technology/generic/autopilot/interface.gen 
Execute     source /home/herreral/Code/SystemC/HLSLinearGPU/HLS/LineAlgorithms/lineAlgorithms/dda/.autopilot/db/global.setting.tcl 
Execute     source /opt/Xilinx/Vivado/2018.2/common/technology/xilinx/aartix7/aartix7.gen 
Execute       source /opt/Xilinx/Vivado/2018.2/common/technology/xilinx/common/virtex.gen 
Execute         source /opt/Xilinx/Vivado/2018.2/common/technology/xilinx/common/xilinx.gen 
Execute           source /opt/Xilinx/Vivado/2018.2/common/technology/xilinx/interface/plb46.gen 
Execute           source /opt/Xilinx/Vivado/2018.2/common/technology/xilinx/interface/fsl.gen 
Execute           source /opt/Xilinx/Vivado/2018.2/common/technology/xilinx/interface/axi4.gen 
Execute           source /opt/Xilinx/Vivado/2018.2/common/technology/xilinx/interface/nativeAXI4.gen 
Execute             source /opt/Xilinx/Vivado/2018.2/common/technology/xilinx/interface/saxilite.gen 
Execute             source /opt/Xilinx/Vivado/2018.2/common/technology/xilinx/interface/maxi.gen 
Execute           source /opt/Xilinx/Vivado/2018.2/common/technology/xilinx/scripts/xilinxcoregen.gen 
Execute           source /opt/Xilinx/Vivado/2018.2/common/technology/xilinx/interface/XilEDKCoreGen.gen 
Execute           source /opt/Xilinx/Vivado/2018.2/common/technology/xilinx/ip/dds_compiler.gen 
Execute           source /opt/Xilinx/Vivado/2018.2/common/technology/xilinx/ip/util.gen 
Execute           source /opt/Xilinx/Vivado/2018.2/common/technology/xilinx/ip/xfft.gen 
Execute           source /opt/Xilinx/Vivado/2018.2/common/technology/xilinx/ip/xfir.gen 
Execute         source /opt/Xilinx/Vivado/2018.2/common/technology/xilinx/common/dsp48.gen 
Execute     source /opt/Xilinx/Vivado/2018.2/common/technology/xilinx/aartix7/aartix7_fpv6.gen 
Execute       source /opt/Xilinx/Vivado/2018.2/common/technology/xilinx/common/xilinx_fpv6.gen 
Execute     source /home/herreral/Code/SystemC/HLSLinearGPU/HLS/LineAlgorithms/lineAlgorithms/dda/.autopilot/db/global.setting.tcl 
Execute     source /home/herreral/Code/SystemC/HLSLinearGPU/HLS/LineAlgorithms/lineAlgorithms/dda/.autopilot/db/dda.rtl_wrap.cfg.tcl 
Execute     source /home/herreral/Code/SystemC/HLSLinearGPU/HLS/LineAlgorithms/lineAlgorithms/dda/.autopilot/db/dda.tbgen.tcl 
Execute     is_encrypted /home/herreral/Code/SystemC/HLSLinearGPU/Cpp/src/test_top.cpp 
Execute     is_encrypted /home/herreral/Code/SystemC/HLSLinearGPU/Cpp/src/lineAlgorithms.cpp 
Execute     source /home/herreral/Code/SystemC/HLSLinearGPU/HLS/LineAlgorithms/lineAlgorithms/dda/.autopilot/db/dda.tbgen.tcl 
Execute     source /home/herreral/Code/SystemC/HLSLinearGPU/HLS/LineAlgorithms/lineAlgorithms/dda/.autopilot/db/dda.tbgen.tcl 
INFO: [COSIM 212-47] Using XSIM for RTL simulation.
INFO: [COSIM 212-14] Instrumenting C test bench ...
Execute     get_default_platform 
INFO-FLOW: TB processing: /home/herreral/Code/SystemC/HLSLinearGPU/Cpp/src/test_top.cpp /home/herreral/Code/SystemC/HLSLinearGPU/HLS/LineAlgorithms/lineAlgorithms/dda/./sim/autowrap/testbench/test_top.cpp_pre.cpp
INFO-FLOW: Marker-Pragma convertor: /home/herreral/Code/SystemC/HLSLinearGPU/HLS/LineAlgorithms/lineAlgorithms/dda/./sim/autowrap/testbench/test_top.cpp_pre.cpp /home/herreral/Code/SystemC/HLSLinearGPU/HLS/LineAlgorithms/lineAlgorithms/dda/./sim/autowrap/testbench/test_top.cpp_pre.cpp.line.cpp ./sim/autowrap/testbench/line.tmp 1
INFO-FLOW: Converting Markers to Pragmas...
INFO-FLOW: Marker-Pragma convertor: ./sim/autowrap/testbench/test_top.cpp_pre.cpp.tb.cpp.line ./sim/autowrap/testbench/test_top.cpp_pre.cpp.tb.cpp ./sim/autowrap/testbench/line.tmp 0
INFO-FLOW: Converting Pragmas to Markers...
Execute     get_default_platform 
INFO-FLOW: TB processing: /home/herreral/Code/SystemC/HLSLinearGPU/Cpp/src/lineAlgorithms.cpp /home/herreral/Code/SystemC/HLSLinearGPU/HLS/LineAlgorithms/lineAlgorithms/dda/./sim/autowrap/testbench/lineAlgorithms.cpp_pre.cpp
INFO-FLOW: Marker-Pragma convertor: /home/herreral/Code/SystemC/HLSLinearGPU/HLS/LineAlgorithms/lineAlgorithms/dda/./sim/autowrap/testbench/lineAlgorithms.cpp_pre.cpp /home/herreral/Code/SystemC/HLSLinearGPU/HLS/LineAlgorithms/lineAlgorithms/dda/./sim/autowrap/testbench/lineAlgorithms.cpp_pre.cpp.line.cpp ./sim/autowrap/testbench/line.tmp 1
INFO-FLOW: Converting Markers to Pragmas...
INFO-FLOW: Marker-Pragma convertor: ./sim/autowrap/testbench/lineAlgorithms.cpp_pre.cpp.tb.cpp.line ./sim/autowrap/testbench/lineAlgorithms.cpp_pre.cpp.tb.cpp ./sim/autowrap/testbench/line.tmp 0
INFO-FLOW: Converting Pragmas to Markers...
Execute     source /home/herreral/Code/SystemC/HLSLinearGPU/HLS/LineAlgorithms/lineAlgorithms/dda/./sim/autowrap/testbench/tb.status.tcl 
Execute     source /home/herreral/Code/SystemC/HLSLinearGPU/HLS/LineAlgorithms/lineAlgorithms/dda/.autopilot/db/global.setting.tcl 
Execute     source /home/herreral/Code/SystemC/HLSLinearGPU/HLS/LineAlgorithms/lineAlgorithms/dda/.autopilot/db/dda.rtl_wrap.cfg.tcl 
Execute     source /home/herreral/Code/SystemC/HLSLinearGPU/HLS/LineAlgorithms/lineAlgorithms/dda/.autopilot/db/dda.rtl_wrap.cfg.tcl 
Execute     source /home/herreral/Code/SystemC/HLSLinearGPU/HLS/LineAlgorithms/lineAlgorithms/dda/.autopilot/db/dda.rtl_wrap.cfg.tcl 
Execute     source /home/herreral/Code/SystemC/HLSLinearGPU/HLS/LineAlgorithms/lineAlgorithms/dda/.autopilot/db/dda.tbgen.tcl 
Execute     source /home/herreral/Code/SystemC/HLSLinearGPU/HLS/LineAlgorithms/lineAlgorithms/dda/.autopilot/db/dda.tbgen.tcl 
Execute     get_default_platform 
Execute     source .run_sim.tcl 
INFO: [COSIM 212-302] Starting C TB testing ... 
Command     ap_source done; 2.25 sec.
INFO: [COSIM 212-333] Generating C post check test bench ...
Execute     get_default_platform 
INFO: [COSIM 212-12] Generating RTL test bench ...
Execute     source /home/herreral/Code/SystemC/HLSLinearGPU/HLS/LineAlgorithms/lineAlgorithms/dda/.autopilot/db/dda.tbgen.tcl 
Execute     source /home/herreral/Code/SystemC/HLSLinearGPU/HLS/LineAlgorithms/lineAlgorithms/dda/.autopilot/db/dda.tbgen.tcl 
Execute     source /home/herreral/Code/SystemC/HLSLinearGPU/HLS/LineAlgorithms/lineAlgorithms/dda/.autopilot/db/dda.tbgen.tcl 
Execute     source /home/herreral/Code/SystemC/HLSLinearGPU/HLS/LineAlgorithms/lineAlgorithms/dda/.autopilot/db/dda.tbgen.tcl 
Execute     source ../tv/cdatafile/ref.tcl 
Execute     source /home/herreral/Code/SystemC/HLSLinearGPU/HLS/LineAlgorithms/lineAlgorithms/dda/.autopilot/db/dda.tbgen.tcl 
Execute     source /home/herreral/Code/SystemC/HLSLinearGPU/HLS/LineAlgorithms/lineAlgorithms/dda/.autopilot/db/dda.tbgen.tcl 
Execute     source /home/herreral/Code/SystemC/HLSLinearGPU/HLS/LineAlgorithms/lineAlgorithms/dda/.autopilot/db/dda.tbgen.tcl 
Execute     source /home/herreral/Code/SystemC/HLSLinearGPU/HLS/LineAlgorithms/lineAlgorithms/dda/.autopilot/db/dda.tbgen.tcl 
Execute     source /home/herreral/Code/SystemC/HLSLinearGPU/HLS/LineAlgorithms/lineAlgorithms/dda/.autopilot/db/dda.tbgen.tcl 
Execute     source /home/herreral/Code/SystemC/HLSLinearGPU/HLS/LineAlgorithms/lineAlgorithms/dda/.autopilot/db/dda.tbgen.tcl 
Execute     source /home/herreral/Code/SystemC/HLSLinearGPU/HLS/LineAlgorithms/lineAlgorithms/dda/.autopilot/db/dda.tbgen.tcl 
Execute     source /home/herreral/Code/SystemC/HLSLinearGPU/HLS/LineAlgorithms/lineAlgorithms/dda/.autopilot/db/dda.tbgen.tcl 
Execute     source /home/herreral/Code/SystemC/HLSLinearGPU/HLS/LineAlgorithms/lineAlgorithms/dda/.autopilot/db/dda.tbgen.tcl 
Execute     source /home/herreral/Code/SystemC/HLSLinearGPU/HLS/LineAlgorithms/lineAlgorithms/dda/.autopilot/db/dda.tbgen.tcl 
Execute     source /home/herreral/Code/SystemC/HLSLinearGPU/HLS/LineAlgorithms/lineAlgorithms/dda/.autopilot/db/dda.tbgen.tcl 
Execute     source /home/herreral/Code/SystemC/HLSLinearGPU/HLS/LineAlgorithms/lineAlgorithms/dda/.autopilot/db/dda.tbgen.tcl 
Execute     source /home/herreral/Code/SystemC/HLSLinearGPU/HLS/LineAlgorithms/lineAlgorithms/dda/.autopilot/db/dda.tbgen.tcl 
Execute     source /home/herreral/Code/SystemC/HLSLinearGPU/HLS/LineAlgorithms/lineAlgorithms/dda/.autopilot/db/dda.tbgen.tcl 
Execute     source /home/herreral/Code/SystemC/HLSLinearGPU/HLS/LineAlgorithms/lineAlgorithms/dda/.autopilot/db/dda.tbgen.tcl 
Execute     source /home/herreral/Code/SystemC/HLSLinearGPU/HLS/LineAlgorithms/lineAlgorithms/dda/.autopilot/db/dda.tbgen.tcl 
Execute     source ../tv/cdatafile/ref.tcl 
Execute     source /home/herreral/Code/SystemC/HLSLinearGPU/HLS/LineAlgorithms/lineAlgorithms/dda/.autopilot/db/dda.tbgen.tcl 
Execute     source /home/herreral/Code/SystemC/HLSLinearGPU/HLS/LineAlgorithms/lineAlgorithms/dda/.autopilot/db/dda.tbgen.tcl 
Execute     source /home/herreral/Code/SystemC/HLSLinearGPU/HLS/LineAlgorithms/lineAlgorithms/dda/.autopilot/db/dda.tbgen.tcl 
Execute     source /home/herreral/Code/SystemC/HLSLinearGPU/HLS/LineAlgorithms/lineAlgorithms/dda/.autopilot/db/dda.tbgen.tcl 
Execute     source /home/herreral/Code/SystemC/HLSLinearGPU/HLS/LineAlgorithms/lineAlgorithms/dda/.autopilot/db/dda.tbgen.tcl 
Execute     source /home/herreral/Code/SystemC/HLSLinearGPU/HLS/LineAlgorithms/lineAlgorithms/dda/.autopilot/db/dda.tbgen.tcl 
Execute     source /home/herreral/Code/SystemC/HLSLinearGPU/HLS/LineAlgorithms/lineAlgorithms/dda/.autopilot/db/dda.tbgen.tcl 
Execute     source /home/herreral/Code/SystemC/HLSLinearGPU/HLS/LineAlgorithms/lineAlgorithms/dda/.autopilot/db/dda.tbgen.tcl 
Execute     source /home/herreral/Code/SystemC/HLSLinearGPU/HLS/LineAlgorithms/lineAlgorithms/dda/.autopilot/db/dda.tbgen.tcl 
Execute     source /home/herreral/Code/SystemC/HLSLinearGPU/HLS/LineAlgorithms/lineAlgorithms/dda/.autopilot/db/dda.tbgen.tcl 
Execute     source /home/herreral/Code/SystemC/HLSLinearGPU/HLS/LineAlgorithms/lineAlgorithms/dda/.autopilot/db/dda.tbgen.tcl 
Execute     source /home/herreral/Code/SystemC/HLSLinearGPU/HLS/LineAlgorithms/lineAlgorithms/dda/.autopilot/db/dda.tbgen.tcl 
Execute     source .run_sim.tcl 
Execute       source check_sim.tcl 
Execute       source .sim.status.tcl 
INFO: [COSIM 212-323] Starting verilog simulation. 
INFO: [COSIM 212-15] Starting XSIM ...
INFO: [COSIM 212-316] Starting C post checking ...
Command     ap_source done; 82.11 sec.
INFO: [COSIM 212-1000] *** C/RTL co-simulation finished: PASS ***
INFO: [COSIM 212-211] II is measurable only when transaction number is greater than 1 in RTL simulation. Otherwise, they will be marked as all NA. If user wants to calculate them, please make sure there are at least 2 transactions in RTL simulation.
Command   cosim_design done; 212.72 sec.
Command ap_source done; 213.29 sec.
Execute cleanup_all 
Command cleanup_all done; 0.21 sec.
