INFO: [SIM 2] *************** CSIM start ***************
INFO: [SIM 4] CSIM will launch GCC as the compiler.
   Compiling ../../../../../../Cpp/src/test_top.cpp in debug mode
   Compiling ../../../../../../Cpp/src/lineAlgorithms.cpp in debug mode
   Generating csim.exe
TEST BENCH
Mid Point Start
0,5
1,5
2,5
3,5
4,6
5,6
6,6
7,6
8,6
DDA Start
0,5
1,5
2,5
3,5
4,6
5,6
6,6
7,6
8,6
Bresenham Start
0,5
1,5
2,6
3,6
4,6
5,6
6,6
7,6
8,6
DONE!
INFO: [SIM 1] CSim done with 0 errors.
INFO: [SIM 3] *************** CSIM finish ***************
