#-----------------------------------------------------------
# Vivado v2018.2 (64-bit)
# SW Build 2258646 on Thu Jun 14 20:02:38 MDT 2018
# IP Build 2256618 on Thu Jun 14 22:10:49 MDT 2018
# Start of session at: Wed Aug 22 22:24:25 2018
# Process ID: 520
# Current directory: /home/herreral/Code/SystemC/HLSLinearGPU/HLS/LineAlgorithms/lineAlgorithms/dda/sim/verilog
# Command line: vivado -source open_wave.tcl
# Log file: /home/herreral/Code/SystemC/HLSLinearGPU/HLS/LineAlgorithms/lineAlgorithms/dda/sim/verilog/vivado.log
# Journal file: /home/herreral/Code/SystemC/HLSLinearGPU/HLS/LineAlgorithms/lineAlgorithms/dda/sim/verilog/vivado.jou
#-----------------------------------------------------------
start_gui
source open_wave.tcl
# current_fileset
INFO: [IP_Flow 19-234] Refreshing IP repositories
INFO: [IP_Flow 19-1704] No user IP repositories specified
INFO: [IP_Flow 19-2313] Loaded Vivado IP repository '/opt/Xilinx/Vivado/2018.2/data/ip'.
current_fileset: Time (s): cpu = 00:00:09 ; elapsed = 00:00:18 . Memory (MB): peak = 6094.332 ; gain = 37.070 ; free physical = 123 ; free virtual = 2078
# open_wave_database dda.wdb
open_wave_config /home/herreral/Code/SystemC/HLSLinearGPU/HLS/LineAlgorithms/lineAlgorithms/dda/sim/verilog/dda.wcfg
save_wave_config {/home/herreral/Code/SystemC/HLSLinearGPU/HLS/LineAlgorithms/lineAlgorithms/dda/sim/verilog/dda.wcfg}
save_wave_config {/home/herreral/Code/SystemC/HLSLinearGPU/HLS/LineAlgorithms/lineAlgorithms/dda/sim/verilog/dda.wcfg}
close_sim
INFO: [Simtcl 6-16] Simulation closed
exit
INFO: [Common 17-206] Exiting Vivado at Wed Aug 22 22:28:05 2018...
