INFO-FLOW: Workspace /home/herreral/Code/SystemC/HLSLinearGPU/HLS/LineAlgorithms/lineAlgorithms/bresenham opened at Wed Aug 22 22:14:33 CST 2018
Execute     config_clock -quiet -name default -period 10 -default=false 
INFO: [SYN 201-201] Setting up clock 'default' with a period of 10ns.
Execute     open_platform DefaultPlatform 
Execute     import_lib /opt/Xilinx/Vivado/2018.2/common/technology/xilinx/aartix7/aartix7 
Execute       source /opt/Xilinx/Vivado/2018.2/common/technology/xilinx/common/xilinx.lib 
Execute         source /opt/Xilinx/Vivado/2018.2/common/technology/xilinx/interface/xilinx_interface.lib 
Execute           source /opt/Xilinx/Vivado/2018.2/common/technology/xilinx/interface/plb46.lib 
Execute           source /opt/Xilinx/Vivado/2018.2/common/technology/xilinx/interface/fsl.lib 
Execute           source /opt/Xilinx/Vivado/2018.2/common/technology/xilinx/interface/axi4.lib 
Execute           source /opt/Xilinx/Vivado/2018.2/common/technology/xilinx/interface/maxi.lib 
Execute           source /opt/Xilinx/Vivado/2018.2/common/technology/xilinx/interface/saxilite.lib 
Execute         source /opt/Xilinx/Vivado/2018.2/common/technology/xilinx/common/dsp48.lib 
Execute         source /opt/Xilinx/Vivado/2018.2/common/technology/xilinx/ip/xfft.lib 
Execute         source /opt/Xilinx/Vivado/2018.2/common/technology/xilinx/ip/xfir.lib 
Execute         source /opt/Xilinx/Vivado/2018.2/common/technology/xilinx/ip/dds_compiler.lib 
Execute       source /opt/Xilinx/Vivado/2018.2/common/technology/xilinx/common/xilinx_old.lib 
Execute       source /opt/Xilinx/Vivado/2018.2/common/technology/xilinx/common/xilinx_vivado.lib 
Execute       source /opt/Xilinx/Vivado/2018.2/common/technology/xilinx/common/xilinx.hlp 
Execute         source /opt/Xilinx/Vivado/2018.2/common/technology/xilinx/common/target_info.tcl 
Execute         source /opt/Xilinx/Vivado/2018.2/common/technology/xilinx/interface/xilinx_interface.hlp 
Execute           source /opt/Xilinx/Vivado/2018.2/common/technology/xilinx/interface/maxi.hlp 
Execute           source /opt/Xilinx/Vivado/2018.2/common/technology/xilinx/interface/saxilite.hlp 
Execute         source /opt/Xilinx/Vivado/2018.2/common/technology/xilinx/common/dsp48.hlp 
Execute       source /opt/Xilinx/Vivado/2018.2/common/technology/xilinx/aartix7/dsp48e1.hlp 
Execute       get_default_platform 
Execute       config_chip_info -quiet -resource  {SLICE 15850} {LUT 63400}     {FF 126800} {DSP48E 240}    {BRAM 270}  
Execute       config_chip_info -quiet -speed medium 
Execute       source /opt/Xilinx/Vivado/2018.2/common/technology/xilinx/common/xilinx.hlp 
Execute         source /opt/Xilinx/Vivado/2018.2/common/technology/xilinx/common/target_info.tcl 
Execute         source /opt/Xilinx/Vivado/2018.2/common/technology/xilinx/interface/xilinx_interface.hlp 
Execute           source /opt/Xilinx/Vivado/2018.2/common/technology/xilinx/interface/maxi.hlp 
Execute           source /opt/Xilinx/Vivado/2018.2/common/technology/xilinx/interface/saxilite.hlp 
Execute         source /opt/Xilinx/Vivado/2018.2/common/technology/xilinx/common/dsp48.hlp 
Execute     source /opt/Xilinx/Vivado/2018.2/common/technology/xilinx/aartix7/aartix7.gen 
Execute       source /opt/Xilinx/Vivado/2018.2/common/technology/xilinx/common/virtex.gen 
Execute         source /opt/Xilinx/Vivado/2018.2/common/technology/xilinx/common/xilinx.gen 
Execute           source /opt/Xilinx/Vivado/2018.2/common/technology/xilinx/interface/plb46.gen 
Execute           source /opt/Xilinx/Vivado/2018.2/common/technology/xilinx/interface/fsl.gen 
Execute           source /opt/Xilinx/Vivado/2018.2/common/technology/xilinx/interface/axi4.gen 
Execute           source /opt/Xilinx/Vivado/2018.2/common/technology/xilinx/interface/nativeAXI4.gen 
Execute             source /opt/Xilinx/Vivado/2018.2/common/technology/xilinx/interface/saxilite.gen 
Execute             source /opt/Xilinx/Vivado/2018.2/common/technology/xilinx/interface/maxi.gen 
Execute           source /opt/Xilinx/Vivado/2018.2/common/technology/xilinx/scripts/xilinxcoregen.gen 
Execute           source /opt/Xilinx/Vivado/2018.2/common/technology/xilinx/interface/XilEDKCoreGen.gen 
Execute           source /opt/Xilinx/Vivado/2018.2/common/technology/xilinx/ip/dds_compiler.gen 
Execute           source /opt/Xilinx/Vivado/2018.2/common/technology/xilinx/ip/util.gen 
Execute           source /opt/Xilinx/Vivado/2018.2/common/technology/xilinx/ip/xfft.gen 
Execute           source /opt/Xilinx/Vivado/2018.2/common/technology/xilinx/ip/xfir.gen 
Command         ap_source done; 0.11 sec.
Execute         source /opt/Xilinx/Vivado/2018.2/common/technology/xilinx/common/dsp48.gen 
Command       ap_source done; 0.11 sec.
Command     ap_source done; 0.11 sec.
Execute     open_platform DefaultPlatform 
Execute     import_lib /opt/Xilinx/Vivado/2018.2/common/technology/xilinx/aartix7/aartix7_fpv6 
Execute       source /opt/Xilinx/Vivado/2018.2/common/technology/xilinx/common/xilinx_fpv7.lib 
Execute         source /opt/Xilinx/Vivado/2018.2/common/technology/xilinx/common/xilinx_hp.lib 
Execute       source /opt/Xilinx/Vivado/2018.2/common/technology/xilinx/common/xilinx_fpv.hlp 
Execute         source /opt/Xilinx/Vivado/2018.2/common/technology/xilinx/common/xilinx.hlp 
Execute           source /opt/Xilinx/Vivado/2018.2/common/technology/xilinx/common/target_info.tcl 
Execute           source /opt/Xilinx/Vivado/2018.2/common/technology/xilinx/interface/xilinx_interface.hlp 
Execute             source /opt/Xilinx/Vivado/2018.2/common/technology/xilinx/interface/maxi.hlp 
Execute             source /opt/Xilinx/Vivado/2018.2/common/technology/xilinx/interface/saxilite.hlp 
Execute           source /opt/Xilinx/Vivado/2018.2/common/technology/xilinx/common/dsp48.hlp 
Execute       source /opt/Xilinx/Vivado/2018.2/common/technology/xilinx/aartix7/aartix7_hp.hlp 
Execute     source /opt/Xilinx/Vivado/2018.2/common/technology/xilinx/aartix7/aartix7_fpv6.gen 
Execute       source /opt/Xilinx/Vivado/2018.2/common/technology/xilinx/common/xilinx_fpv6.gen 
Execute     set_part xa7a12tcsg325-1q 
Execute       add_library xilinx/aartix7/aartix7:xa7a12t:csg325:-1q 
Execute         get_default_platform 
Execute         license_isbetapart xa7a12t 
Command         license_isbetapart done; error code: 1; 
Execute         get_default_platform 
Execute         config_chip_info -quiet -resource  {SLICE 2000}  {LUT 8000}      {FF 16000}  {DSP48E 40}     {BRAM 40}  
Execute         config_chip_info -quiet -speed slow 
Execute       add_library xilinx/aartix7/aartix7_fpv6 
Execute         get_default_platform 
INFO: [HLS 200-10] Setting target device to 'xa7a12tcsg325-1q'
Execute       get_default_platform 
Execute     get_default_platform 
Execute     config_chip_info -quiet -resource  {SLICE 2000}  {LUT 8000}      {FF 16000}  {DSP48E 40}     {BRAM 40}  
Execute     config_chip_info -quiet -speed slow 
Command   open_solution done; 0.18 sec.
Execute   set_part xa7a12tcsg325-1q 
Execute     add_library xilinx/aartix7/aartix7:xa7a12t:csg325:-1q 
Execute       get_default_platform 
Execute       license_isbetapart xa7a12t 
Command       license_isbetapart done; error code: 1; 
Execute       get_default_platform 
Execute       config_chip_info -quiet -resource  {SLICE 2000}  {LUT 8000}      {FF 16000}  {DSP48E 40}     {BRAM 40}  
Execute       config_chip_info -quiet -speed slow 
Execute     add_library xilinx/aartix7/aartix7_fpv6 
Execute       get_default_platform 
Execute     get_default_platform 
Execute   create_clock -period 10 -name default 
Execute     config_clock -quiet -name default -period 10 -default=false 
INFO: [SYN 201-201] Setting up clock 'default' with a period of 10ns.
Execute   csynth_design 
Execute     get_config_compile -effort 
Execute     get_config_compile -enable_clang39 
Execute     get_config_compile -g 
Execute     get_config_compile -lm 
Execute     get_config_compile -ng 
Execute     get_config_compile -opt_fp 
Execute     get_config_compile -skip_cdt 
Execute     get_config_compile -skip_syncheck 
Execute     get_config_compile -skip_transform 
Execute     get_config_compile -keep_printf 
Execute     elaborate -effort=medium -skip_syncheck=0 -keep_printf=0 -lm=0 -skip_cdt=0 -skip_transform=0 -ng=0 -g=0 -opt_fp=0 -from_csynth_design=1 
Execute       get_config_schedule -relax_ii_for_timing 
Execute       get_config_schedule -suppress_dependence_error_break 
INFO: [HLS 200-10] Analyzing design file '../../Cpp/src/lineAlgorithms.cpp' ... 
INFO-FLOW: Compiling one TU...
Execute       is_m_axi_addr64 
INFO-FLOW: Handling ../../Cpp/src/lineAlgorithms.cpp as C++
Execute       get_default_platform 
Execute       is_encrypted ../../Cpp/src/lineAlgorithms.cpp 
Execute       get_default_platform 
INFO-FLOW: Source preprocessing
Execute       clang  -fno-limit-debug-info -gcc-toolchain "/opt/Xilinx/Vivado/2018.2/lnx64/tools/gcc" -hls  -fno-exceptions  -D__llvm__  -E "../../Cpp/src/lineAlgorithms.cpp"     -fno-math-errno -c -emit-llvm -O0  -mllvm -disable-llvm-optzns -fno-threadsafe-statics  -fno-use-cxa-atexit  -fno-threadsafe-statics -fno-use-cxa-atexit -D__CLANG_3_1__ -DAESL_SYN -D__SYNTHESIS__ -D__HLS_SYN__ -I "/opt/Xilinx/Vivado/2018.2/common/technology/autopilot" -I "/opt/Xilinx/Vivado/2018.2/common/technology/autopilot/ap_sysc" -include etc/autopilot_ssdm_op.h -D__DSP48E1__  -o "/home/herreral/Code/SystemC/HLSLinearGPU/HLS/LineAlgorithms/lineAlgorithms/bresenham/.autopilot/db/lineAlgorithms.pp.0.cpp" 
INFO-FLOW: exec /opt/Xilinx/Vivado/2018.2/lnx64/tools/clang/bin/clang -fno-limit-debug-info -gcc-toolchain /opt/Xilinx/Vivado/2018.2/lnx64/tools/gcc -hls -fno-exceptions -D__llvm__ -E ../../Cpp/src/lineAlgorithms.cpp -fno-math-errno -c -emit-llvm -O0 -mllvm -disable-llvm-optzns -fno-threadsafe-statics -fno-use-cxa-atexit -fno-threadsafe-statics -fno-use-cxa-atexit -D__CLANG_3_1__ -DAESL_SYN -D__SYNTHESIS__ -D__HLS_SYN__ -I /opt/Xilinx/Vivado/2018.2/common/technology/autopilot -I /opt/Xilinx/Vivado/2018.2/common/technology/autopilot/ap_sysc -include etc/autopilot_ssdm_op.h -D__DSP48E1__ -o /home/herreral/Code/SystemC/HLSLinearGPU/HLS/LineAlgorithms/lineAlgorithms/bresenham/.autopilot/db/lineAlgorithms.pp.0.cpp
Command       clang done; 1.58 sec.
INFO-FLOW: Syntax Checking before pre-processing...
Execute       clang  -fno-limit-debug-info -gcc-toolchain "/opt/Xilinx/Vivado/2018.2/lnx64/tools/gcc" -hls    -fno-math-errno -c -emit-llvm -O0  -mllvm -disable-llvm-optzns -fno-threadsafe-statics  -fno-use-cxa-atexit  -fno-threadsafe-statics -fno-use-cxa-atexit -D__CLANG_3_1__ -DAESL_SYN -D__SYNTHESIS__ -D__HLS_SYN__ -I "/opt/Xilinx/Vivado/2018.2/common/technology/autopilot" -I "/opt/Xilinx/Vivado/2018.2/common/technology/autopilot/ap_sysc" -include etc/autopilot_ssdm_op.h -D__DSP48E1__  "/home/herreral/Code/SystemC/HLSLinearGPU/HLS/LineAlgorithms/lineAlgorithms/bresenham/.autopilot/db/lineAlgorithms.pp.0.cpp"  -o "/home/herreral/Code/SystemC/HLSLinearGPU/HLS/LineAlgorithms/lineAlgorithms/bresenham/.autopilot/db/useless.bc"  
INFO-FLOW: exec /opt/Xilinx/Vivado/2018.2/lnx64/tools/clang/bin/clang -fno-limit-debug-info -gcc-toolchain /opt/Xilinx/Vivado/2018.2/lnx64/tools/gcc -hls -fno-math-errno -c -emit-llvm -O0 -mllvm -disable-llvm-optzns -fno-threadsafe-statics -fno-use-cxa-atexit -fno-threadsafe-statics -fno-use-cxa-atexit -D__CLANG_3_1__ -DAESL_SYN -D__SYNTHESIS__ -D__HLS_SYN__ -I /opt/Xilinx/Vivado/2018.2/common/technology/autopilot -I /opt/Xilinx/Vivado/2018.2/common/technology/autopilot/ap_sysc -include etc/autopilot_ssdm_op.h -D__DSP48E1__ /home/herreral/Code/SystemC/HLSLinearGPU/HLS/LineAlgorithms/lineAlgorithms/bresenham/.autopilot/db/lineAlgorithms.pp.0.cpp -o /home/herreral/Code/SystemC/HLSLinearGPU/HLS/LineAlgorithms/lineAlgorithms/bresenham/.autopilot/db/useless.bc
Command       clang done; 1.27 sec.
INFO-FLOW: GCC PP time: 2 seconds per iteration
Execute       list_core -type functional_unit 
Execute       tidy_31 xilinx-systemc-detector /home/herreral/Code/SystemC/HLSLinearGPU/HLS/LineAlgorithms/lineAlgorithms/bresenham/.autopilot/db/lineAlgorithms.pp.0.cpp std=gnu++98 -directive=/home/herreral/Code/SystemC/HLSLinearGPU/HLS/LineAlgorithms/lineAlgorithms/bresenham/.autopilot/db/.systemc_flag 
INFO-FLOW: exec /opt/Xilinx/Vivado/2018.2/lnx64/tools/clang-3.9-csynth/bin/tidy-3.1 -header-filter=.* --checks=-*,xilinx-systemc-detector -import-directive=/home/herreral/Code/SystemC/HLSLinearGPU/HLS/LineAlgorithms/lineAlgorithms/bresenham/.autopilot/db/.systemc_flag -quiet -fix-errors /home/herreral/Code/SystemC/HLSLinearGPU/HLS/LineAlgorithms/lineAlgorithms/bresenham/.autopilot/db/lineAlgorithms.pp.0.cpp -- -std=gnu++98 -fhls -ferror-limit=0
Command       tidy_31 done; 0.15 sec.
INFO-FLOW: CDT Preprocessing with tidy-3.1...
Execute       tidy_31 xilinx-directive2pragma /home/herreral/Code/SystemC/HLSLinearGPU/HLS/LineAlgorithms/lineAlgorithms/bresenham/.autopilot/db/lineAlgorithms.pp.0.cpp std=gnu++98 -directive=/home/herreral/Code/SystemC/HLSLinearGPU/HLS/LineAlgorithms/lineAlgorithms/bresenham/bresenham.json 
INFO-FLOW: exec /opt/Xilinx/Vivado/2018.2/lnx64/tools/clang-3.9-csynth/bin/tidy-3.1 -header-filter=.* --checks=-*,xilinx-directive2pragma -import-directive=/home/herreral/Code/SystemC/HLSLinearGPU/HLS/LineAlgorithms/lineAlgorithms/bresenham/bresenham.json -quiet -fix-errors /home/herreral/Code/SystemC/HLSLinearGPU/HLS/LineAlgorithms/lineAlgorithms/bresenham/.autopilot/db/lineAlgorithms.pp.0.cpp -- -std=gnu++98 -fhls -ferror-limit=0
Command       tidy_31 done; 0.12 sec.
Execute       get_config_dataflow -strict_mode 
Execute       ap_eval exec -ignorestderr /opt/Xilinx/Vivado/2018.2/lnx64/tools/clang-3.9-csynth/bin/xilinx-dataflow-lawyer -export-fixes=/home/herreral/Code/SystemC/HLSLinearGPU/HLS/LineAlgorithms/lineAlgorithms/bresenham/.autopilot/db/xilinx-dataflow-lawyer.lineAlgorithms.pp.0.cpp.diag.yml /home/herreral/Code/SystemC/HLSLinearGPU/HLS/LineAlgorithms/lineAlgorithms/bresenham/.autopilot/db/lineAlgorithms.pp.0.cpp -- -std=gnu++98 -fhls -ferror-limit=0 -fstrict-dataflow > /home/herreral/Code/SystemC/HLSLinearGPU/HLS/LineAlgorithms/lineAlgorithms/bresenham/.autopilot/db/xilinx-dataflow-lawyer.lineAlgorithms.pp.0.cpp.out.log 2> /home/herreral/Code/SystemC/HLSLinearGPU/HLS/LineAlgorithms/lineAlgorithms/bresenham/.autopilot/db/xilinx-dataflow-lawyer.lineAlgorithms.pp.0.cpp.err.log 
Command       ap_eval done; 0.59 sec.
Execute       tidy_31 -errorcheck xilinx-constantarray-param,xilinx-resource-pragma-transformer /home/herreral/Code/SystemC/HLSLinearGPU/HLS/LineAlgorithms/lineAlgorithms/bresenham/.autopilot/db/lineAlgorithms.pp.0.cpp std=gnu++98 
INFO-FLOW: exec /opt/Xilinx/Vivado/2018.2/lnx64/tools/clang-3.9-csynth/bin/tidy-3.1 -header-filter=.* --checks=-*,xilinx-constantarray-param,xilinx-resource-pragma-transformer -quiet -fix-errors /home/herreral/Code/SystemC/HLSLinearGPU/HLS/LineAlgorithms/lineAlgorithms/bresenham/.autopilot/db/lineAlgorithms.pp.0.cpp -- -std=gnu++98 -fhls -ferror-limit=0
INFO-FLOW: exec /opt/Xilinx/Vivado/2018.2/lnx64/tools/clang-3.9-csynth/bin/xilinx-legacy-rewriter /home/herreral/Code/SystemC/HLSLinearGPU/HLS/LineAlgorithms/lineAlgorithms/bresenham/.autopilot/db/lineAlgorithms.pp.0.cpp -- -std=gnu++98 -fhls -ferror-limit=0
Command       tidy_31 done; 0.96 sec.
INFO-FLOW: tidy-3.1 time 1 seconds per iteration
INFO-FLOW: Pragma Handling...
Execute       tidy_31 xilinx-ssdm-intrinsics-arguments /home/herreral/Code/SystemC/HLSLinearGPU/HLS/LineAlgorithms/lineAlgorithms/bresenham/.autopilot/db/lineAlgorithms.pragma.1.cpp std=gnu++98 
INFO-FLOW: exec /opt/Xilinx/Vivado/2018.2/lnx64/tools/clang-3.9-csynth/bin/tidy-3.1 -header-filter=.* --checks=-*,xilinx-ssdm-intrinsics-arguments -quiet -fix-errors /home/herreral/Code/SystemC/HLSLinearGPU/HLS/LineAlgorithms/lineAlgorithms/bresenham/.autopilot/db/lineAlgorithms.pragma.1.cpp -- -std=gnu++98 -fhls -ferror-limit=0
Command       tidy_31 done; 0.19 sec.
INFO-FLOW: Source preprocessing
Execute       clang  -fno-limit-debug-info -gcc-toolchain "/opt/Xilinx/Vivado/2018.2/lnx64/tools/gcc" -hls  -fno-exceptions  -D__llvm__  -E "/home/herreral/Code/SystemC/HLSLinearGPU/HLS/LineAlgorithms/lineAlgorithms/bresenham/.autopilot/db/lineAlgorithms.pragma.1.cpp"     -fno-math-errno -c -emit-llvm -O0  -mllvm -disable-llvm-optzns -fno-threadsafe-statics  -fno-use-cxa-atexit  -fno-threadsafe-statics -fno-use-cxa-atexit -D__CLANG_3_1__ -DAESL_SYN -D__SYNTHESIS__ -D__HLS_SYN__ -I "/opt/Xilinx/Vivado/2018.2/common/technology/autopilot" -I "/opt/Xilinx/Vivado/2018.2/common/technology/autopilot/ap_sysc" -include etc/autopilot_ssdm_op.h -D__DSP48E1__  -o "/home/herreral/Code/SystemC/HLSLinearGPU/HLS/LineAlgorithms/lineAlgorithms/bresenham/.autopilot/db/lineAlgorithms.pragma.2.cpp" 
INFO-FLOW: exec /opt/Xilinx/Vivado/2018.2/lnx64/tools/clang/bin/clang -fno-limit-debug-info -gcc-toolchain /opt/Xilinx/Vivado/2018.2/lnx64/tools/gcc -hls -fno-exceptions -D__llvm__ -E /home/herreral/Code/SystemC/HLSLinearGPU/HLS/LineAlgorithms/lineAlgorithms/bresenham/.autopilot/db/lineAlgorithms.pragma.1.cpp -fno-math-errno -c -emit-llvm -O0 -mllvm -disable-llvm-optzns -fno-threadsafe-statics -fno-use-cxa-atexit -fno-threadsafe-statics -fno-use-cxa-atexit -D__CLANG_3_1__ -DAESL_SYN -D__SYNTHESIS__ -D__HLS_SYN__ -I /opt/Xilinx/Vivado/2018.2/common/technology/autopilot -I /opt/Xilinx/Vivado/2018.2/common/technology/autopilot/ap_sysc -include etc/autopilot_ssdm_op.h -D__DSP48E1__ -o /home/herreral/Code/SystemC/HLSLinearGPU/HLS/LineAlgorithms/lineAlgorithms/bresenham/.autopilot/db/lineAlgorithms.pragma.2.cpp
Command       clang done; 1.16 sec.
Execute       get_default_platform 
INFO-FLOW: Processing labels
Execute       clang -src /home/herreral/Code/SystemC/HLSLinearGPU/HLS/LineAlgorithms/lineAlgorithms/bresenham/.autopilot/db/lineAlgorithms.pragma.2.cpp  -fno-limit-debug-info -gcc-toolchain /opt/Xilinx/Vivado/2018.2/lnx64/tools/gcc -hls -hls-analyze-label -hls-analyze-pragma -fno-exceptions  -D__llvm__  -w  "/home/herreral/Code/SystemC/HLSLinearGPU/HLS/LineAlgorithms/lineAlgorithms/bresenham/.autopilot/db/lineAlgorithms.pragma.2.cpp"    -fno-math-errno -c -emit-llvm -O0  -mllvm -disable-llvm-optzns -fno-threadsafe-statics  -fno-use-cxa-atexit -DAESL_SYN -D__SYNTHESIS__ -D__HLS_SYN__ -I "/opt/Xilinx/Vivado/2018.2/common/technology/autopilot" -I "/opt/Xilinx/Vivado/2018.2/common/technology/autopilot/ap_sysc" -include etc/autopilot_ssdm_op.h -D__DSP48E1__ -g -o "/home/herreral/Code/SystemC/HLSLinearGPU/HLS/LineAlgorithms/lineAlgorithms/bresenham/.autopilot/db/lineAlgorithms.bc" 
INFO-FLOW: exec /opt/Xilinx/Vivado/2018.2/lnx64/tools/clang/bin/clang -fno-limit-debug-info -gcc-toolchain /opt/Xilinx/Vivado/2018.2/lnx64/tools/gcc -hls -hls-analyze-label -hls-analyze-pragma -fno-exceptions -D__llvm__ -w /home/herreral/Code/SystemC/HLSLinearGPU/HLS/LineAlgorithms/lineAlgorithms/bresenham/.autopilot/db/lineAlgorithms.pragma.2.cpp -fno-math-errno -c -emit-llvm -O0 -mllvm -disable-llvm-optzns -fno-threadsafe-statics -fno-use-cxa-atexit -DAESL_SYN -D__SYNTHESIS__ -D__HLS_SYN__ -I /opt/Xilinx/Vivado/2018.2/common/technology/autopilot -I /opt/Xilinx/Vivado/2018.2/common/technology/autopilot/ap_sysc -include etc/autopilot_ssdm_op.h -D__DSP48E1__ -g -o /home/herreral/Code/SystemC/HLSLinearGPU/HLS/LineAlgorithms/lineAlgorithms/bresenham/.autopilot/db/lineAlgorithms.bc
Command       clang done; 1.26 sec.
INFO-FLOW: Linking Debug ...
Execute       llvm-ld /home/herreral/Code/SystemC/HLSLinearGPU/HLS/LineAlgorithms/lineAlgorithms/bresenham/.autopilot/db/lineAlgorithms.g.bc -hls-opt -except-internalize bresenham -L/opt/Xilinx/Vivado/2018.2/lnx64/lib -lhlsm -lhlsmc++ -o /home/herreral/Code/SystemC/HLSLinearGPU/HLS/LineAlgorithms/lineAlgorithms/bresenham/.autopilot/db/a.g 
Command       llvm-ld done; 0.69 sec.
INFO: [HLS 200-111] Finished Linking Time (s): cpu = 00:00:07 ; elapsed = 00:00:09 . Memory (MB): peak = 375.648 ; gain = 0.086 ; free physical = 246 ; free virtual = 3567
INFO: [HLS 200-111] Finished Checking Pragmas Time (s): cpu = 00:00:07 ; elapsed = 00:00:09 . Memory (MB): peak = 375.648 ; gain = 0.086 ; free physical = 246 ; free virtual = 3567
Execute       ::config_rtl 
Execute       opt_and_import_c a -opt_level=2 -skip_syncheck=0 -ng=0 -keep_printf=0 
Execute         cleanup_all_models 
INFO: [HLS 200-10] Starting code transformations ...
Execute         transform -promote-dbg-pointer /home/herreral/Code/SystemC/HLSLinearGPU/HLS/LineAlgorithms/lineAlgorithms/bresenham/.autopilot/db/a.pp.bc -o /home/herreral/Code/SystemC/HLSLinearGPU/HLS/LineAlgorithms/lineAlgorithms/bresenham/.autopilot/db/a.pp.0.bc -f 
Execute         llvm-ld /home/herreral/Code/SystemC/HLSLinearGPU/HLS/LineAlgorithms/lineAlgorithms/bresenham/.autopilot/db/a.pp.0.bc -disable-opt -L/opt/Xilinx/Vivado/2018.2/lnx64/lib -lfloatconversion -o /home/herreral/Code/SystemC/HLSLinearGPU/HLS/LineAlgorithms/lineAlgorithms/bresenham/.autopilot/db/a.g.0 
Command         llvm-ld done; 0.62 sec.
INFO-FLOW: Running Standard Transforms...
Execute         transform -hls -share-std-xform -demangle-name -inline-byval-memcpy -always-inline -promote-dbg-pointer -interface-preproc -scalarrepl -mem2reg -keep-read-access -instcombine -dce -promote-dbg-pointer -bitop-raise -loop-simplify -indvarspre -indvars -loop-simplify -xunroll -constprop -instcombine -simplifycfg -indvars -simplifycfg -dce -globaldce -basicaa -simplifycfg -mem2reg -globalopt -global-constprop -deadargelim -instcombine -simplifycfg -prune-eh -simplifycfg -scalarrepl -instcombine -reassociate -licm -simplifycfg -loop-simplify -indvars -instcombine -simplifycfg -mem2reg -loop-simplify -indvars -instcombine -gvn -gvn -instcombine -adce -break-crit-edges -simplifycfg -loop-delete -global-array-opt -dce -dse -adce -find-syn-modules -top bresenham -deadargelim -mem2reg -instcombine -dce -presyn-prepare -auto-rom-infer -interface-preproc -syn-check -check-rec-only -find-region -simplifycfg -func-extr -function-inline -globaldce -mem2reg -instcombine -dce -gvn -globaldce -adce -adse -constprop -instcombine -bit-constprop -instcombine -dce -simplifycfg -bitop-raise -simplifycfg -dce -loop-delete -reassociate -globalopt -global-privatize -mem2reg -dce -global-constprop -pointer-simplify -constprop -dce -func-inst -deadargelim -auto-shift-reg-idiom -promote-dbg-pointer -norm-name /home/herreral/Code/SystemC/HLSLinearGPU/HLS/LineAlgorithms/lineAlgorithms/bresenham/.autopilot/db/a.g.0.bc -o /home/herreral/Code/SystemC/HLSLinearGPU/HLS/LineAlgorithms/lineAlgorithms/bresenham/.autopilot/db/a.g.1.bc -f -phase std-opt 
INFO: [HLS 200-111] Finished Standard Transforms Time (s): cpu = 00:00:07 ; elapsed = 00:00:09 . Memory (MB): peak = 375.711 ; gain = 0.148 ; free physical = 239 ; free virtual = 3562
INFO: [HLS 200-10] Checking synthesizability ...
INFO-FLOW: Checking Synthesizability 1/2..
Execute         transform -hls -syn-check -check-rec-only -disaggr -scalarrepl -norm-name -dce -mem2reg -instcombine -function-uniquify -directive-preproc -mem2reg -dse -dce -auto-rom-infer -dce -array-normalize -instcombine -dce -warn-fifo-pointer -array-seg-normalize -instcombine -dce -array-flatten -instcombine -dce -array-burst -dce -deadargelim -promote-global-argument -simplifycfg -mem2reg -globaldce -resolve-double-ptr -dce -deadargelim -dce -instcombine -function-inline -globaldce -dce -doublePtrSimplify -doublePtrElim -dce -doublePtrSimplify -promote-dbg-pointer -dce -scalarrepl -dse -adse -instcombine -ptrLegalization -simplifycfg -dce -instcombine -pointer-simplify -ptrArgReplace -dce -instcombine -disaggr -scalarrepl -norm-name -dce -mem2reg -instcombine -ptrLegalization -simplifycfg -deadargelim -instcombine -dce -inst-simplify -function-uniquify -directive-preproc -mem2reg -dse -dce -globaldce /home/herreral/Code/SystemC/HLSLinearGPU/HLS/LineAlgorithms/lineAlgorithms/bresenham/.autopilot/db/a.g.1.bc -o /home/herreral/Code/SystemC/HLSLinearGPU/HLS/LineAlgorithms/lineAlgorithms/bresenham/.autopilot/db/a.g.2.prechk.bc -f 
INFO: [XFORM 203-602] Inlining function 'putPixel' into 'bresenham' (../../Cpp/src/lineAlgorithms.cpp:92) automatically.
INFO-FLOW: Checking Synthesizability 2/2..
Execute         transform -syn-check /home/herreral/Code/SystemC/HLSLinearGPU/HLS/LineAlgorithms/lineAlgorithms/bresenham/.autopilot/db/a.g.2.prechk.bc -o /home/herreral/Code/SystemC/HLSLinearGPU/HLS/LineAlgorithms/lineAlgorithms/bresenham/.autopilot/db/a.g.2.bc -f -phase syn-check 
INFO: [HLS 200-111] Finished Checking Synthesizability Time (s): cpu = 00:00:07 ; elapsed = 00:00:09 . Memory (MB): peak = 375.711 ; gain = 0.148 ; free physical = 236 ; free virtual = 3560
INFO-FLOW: Compiler optimizing ...
INFO-FLOW: Share syncheck's 1.bc for syn flow: copy /home/herreral/Code/SystemC/HLSLinearGPU/HLS/LineAlgorithms/lineAlgorithms/bresenham/.autopilot/db/a.g.1.bc to /home/herreral/Code/SystemC/HLSLinearGPU/HLS/LineAlgorithms/lineAlgorithms/bresenham/.autopilot/db/a.o.1.bc
INFO-FLOW: Presyn 1...
Execute         transform -hls -tmp /home/herreral/Code/SystemC/HLSLinearGPU/HLS/LineAlgorithms/lineAlgorithms/bresenham/.autopilot/db -interface-port-rename -type-info -function-uniquify -directive-preproc -mem2reg -dse -dce -disaggr -scalarrepl -norm-name -deadargelim -mem2reg -instcombine -dce -simplifycfg -auto-rom-infer -dce -function-uniquify -resource-proc -simplifycfg -mem2reg -globaldce -resolve-double-ptr -dce -deadargelim -dce -instcombine -clib-intrinsic-prepare -dce -func-buffer -dce -array-normalize -func-legal -instcombine -gvn -constprop -dce -ptrArgReplace -mem2reg -instcombine -dce -array-seg-normalize -deadargelim -instcombine -dce -pointer-simplify -dce -port-alignment -dce -interface-preproc -data-pack -instcombine -dce -basicaa -aggr-aa -aggrmodref-aa -aggr-aa -gvn -gvn -basicaa -aggr-aa -aggrmodref-aa -aggr-aa -dse -adse -adce -loop-simplify -indvars -instcombine -gvn -loop-simplify -mem2reg -dce -find-region -instcombine -auto-loop-pipeline -inst-simplify -interface-preproc -cfgopt -instcombine -indvars -auto-loop-unroll -loop-simplify -loop-bound -xunroll -constprop -instcombine -simplifycfg -indvars -simplifycfg -dce -globaldce -clean-region -attach-range -gvn -inst-simplify -constprop -simplifycfg -dce -pointer-simplify -dce -globalopt -constprop -dce -array-promote -constprop -instcombine -dce -ptrArgReplace -mem2reg -instcombine -simplifycfg -dce -auto-par -instcombine -dce -array-transform-check -array-reshape -instcombine -simplifycfg -dce -ptrArgReplace -deadargelim -mem2reg -instcombine -simplifycfg -dce -indvars -loop-simplify -loop-bound -xunroll -constprop -instcombine -simplifycfg -indvars -simplifycfg -dce -globaldce -duplicate-dataflow-processes -globaldce -instcombine -array-partition -instcombine -simplifycfg -dce -ptrArgReplace -global-constprop -deadargelim -mem2reg -func-legal -instcombine -dce -global-constprop -deadargelim -mem2reg -instcombine -simplifycfg -dce -merge-param -deadargelim -globalopt -constprop -dce -array-promote -constprop -instcombine -dce -ptrArgReplace -mem2reg -instcombine -simplifycfg -dce -mem-intrinsic-preproc -dce -global-internalize -global-privatize -mem2reg -globaldce -promote-global-argument -ptrArgReplace -mem2reg -instcombine -dce -globalopt -mergereturn -simplify-global-access -mem2reg -dce -pointer-simplify -dce -functionattrs -basicaa -aggr-aa -aggrmodref-aa -aggr-aa -gvn -gvn -basicaa -aggr-aa -aggrmodref-aa -aggr-aa -dse -adse -adce -inst-simplify -dce -norm-name -function-inline -globaldce -func-inst -constprop -instcombine -simplifycfg -dce -func-legal -dce -loop-bound -arraycheck -bitwidthmin -on-by-dataflow -loop-delete -instcombine -simplifycfg -globaldce -dce -gvn -deadargelim -dce -loop-simplify -clean-region -simplifycfg -propagate-stable-arguments -loop-stream -instcombine -simplifycfg -dce -globaldce -duplicate-dataflow-processes -stream-intrinsic-preproc -dce -check-ap-stream -loop-simplify -eliminate-keepreads -extract-dataflow-in-loop -loop-simplify -dce -gvn -deadargelim -dse -check-dataflow-syntax -legalize-stream-variable -legalize-global -extract-subproc -dce -dead-channel-elimination -canonicalize-gep -globaldce -dce -gvn -deadargelim -annotate-dataflow-channels -scalar-propagation -deadargelim -globaldce -mem2reg -check-dataflow-channels -function-stream -dce -globaldce -prop-fifo-spec -internal-stream-gen -canonicalize-gep -globaldce -dce -gvn -deadargelim -mergereturn -indvars -loop-simplify -instcombine -array-stream -array-seg-normalize -array-partition -func-legal -instcombine -simplifycfg -dce -bundle-memfifo-ops -deadargelim -function-uniquify -directive-preproc -mem2reg -dse -dce -group-axi-access -licm -simplifycfg -dce -loop-delete -norm-name /home/herreral/Code/SystemC/HLSLinearGPU/HLS/LineAlgorithms/lineAlgorithms/bresenham/.autopilot/db/a.o.1.bc -o /home/herreral/Code/SystemC/HLSLinearGPU/HLS/LineAlgorithms/lineAlgorithms/bresenham/.autopilot/db/a.o.1.tmp.bc -f 
INFO-FLOW: Presyn 2...
Execute         transform -hls -keep-callgraph -scalarrepl -mem2reg -port-alignment -attach-range -dce -pipe-mux-gen -indvars -loop-bound -inst-simplify -instcombine -dce -merge-array-access -mem2reg -dce -clean-region -mergereturn -if-conv -instcombine -dce -constprop -basicaa -aggr-aa -aggrmodref-aa -aggr-aa -gvn -gvn -basicaa -aggr-aa -aggrmodref-aa -aggr-aa -dse -adse -adce -scalarrepl -mem2reg -global-constprop -deadargelim -deadargelim -instcombine -dce -simplifycfg -ptrArgReplace -mem2reg -function-inline -globaldce -mem2reg -instcombine -dce -expr-balance -instcombine -dce -bitwidthmin -interface-preproc -directive-preproc -inst-rectify -instcombine -dce -functionattrs -constprop -instcombine -bit-constprop -simplify-global-access -globalopt -globaldce -inst-simplify -instcombine -elimdeaddata -dce -loop-delete -simplifycfg -loop-simplify -auto-burst -norm-name /home/herreral/Code/SystemC/HLSLinearGPU/HLS/LineAlgorithms/lineAlgorithms/bresenham/.autopilot/db/a.o.1.tmp.bc -o /home/herreral/Code/SystemC/HLSLinearGPU/HLS/LineAlgorithms/lineAlgorithms/bresenham/.autopilot/db/a.o.2.bc -f -phase presyn 
INFO: [XFORM 203-401] Performing if-conversion on hyperblock from (../../Cpp/src/lineAlgorithms.cpp:80:9) to (../../Cpp/src/lineAlgorithms.cpp:77:39) in function 'bresenham'... converting 3 basic blocks.
INFO: [HLS 200-111] Finished Pre-synthesis Time (s): cpu = 00:00:07 ; elapsed = 00:00:09 . Memory (MB): peak = 503.562 ; gain = 128.000 ; free physical = 214 ; free virtual = 3538
INFO-FLOW: Building ssdm...
Execute         transform -hls -function-uniquify -auto-function-inline -globaldce -ptrArgReplace -mem2reg -instcombine -dce -reset-lda -loop-simplify -indvars -licm -loop-dep -loop-bound -licm -loop-simplify -flattenloopnest -array-flatten -gvn -instcombine -dce -array-map -dce -func-legal -gvn -adce -instcombine -cfgopt -simplifycfg -loop-simplify -array-burst -promote-global-argument -dce -axi4-lower -array-seg-normalize -basicaa -aggrmodref-aa -globalsmodref-aa -aggr-aa -gvn -gvn -basicaa -aggrmodref-aa -globalsmodref-aa -aggr-aa -dse -adse -adce -licm -inst-simplify -dce -globaldce -instcombine -array-stream -eliminate-keepreads -instcombine -dce -deadargelim -doublePtrSimplify -doublePtrElim -dce -doublePtrSimplify -promote-dbg-pointer -dce -scalarrepl -mem2reg -disaggr -norm-name -mem2reg -instcombine -dse -adse -adce -ptrLegalization -dce -auto-rom-infer -array-flatten -dce -instcombine -check-doubleptr -loop-rot -constprop -cfgopt -simplifycfg -loop-simplify -indvars -pointer-simplify -dce -loop-bound -loop-simplify -loop-preproc -constprop -global-constprop -gvn -mem2reg -instcombine -dce -loop-bound -loop-merge -dce -bitwidthmin -deadargelim -dce -canonicalize-dataflow -dce -scalar-propagation -deadargelim -globaldce -mem2reg -read-loop-dep -interface-preproc -directive-preproc -interface-gen -bram-byte-enable -deadargelim -inst-simplify -dce -gvn -mem2reg -instcombine -dce -adse -loop-bound -instcombine -cfgopt -simplifycfg -loop-simplify -clean-region -io-protocol -find-region -mem2reg -bitop-raise -inst-simplify -inst-rectify -instcombine -adce -deadargelim -loop-simplify -phi-opt -bitop-raise -cfgopt -simplifycfg -strip-dead-prototypes -interface-lower -bitop-lower -intrinsic-lower -auto-function-inline -basicaa -aggrmodref-aa -globalsmodref-aa -aggr-aa -inst-simplify -simplifycfg -loop-simplify -mergereturn -inst-simplify -inst-rectify -dce -load-elim -bitop-lower -loop-rewind -pointer-simplify -dce -cfgopt -dce -bitwidth -loop-dep -read-loop-dep -dce -check-stream -norm-name -legalize -validate-dataflow -dead-allocation-elimination -cdfg-build /home/herreral/Code/SystemC/HLSLinearGPU/HLS/LineAlgorithms/lineAlgorithms/bresenham/.autopilot/db/a.o.2.bc -o /home/herreral/Code/SystemC/HLSLinearGPU/HLS/LineAlgorithms/lineAlgorithms/bresenham/.autopilot/db/a.o.3.bc -f -phase build-ssdm 
INFO: [HLS 200-111] Finished Architecture Synthesis Time (s): cpu = 00:00:07 ; elapsed = 00:00:09 . Memory (MB): peak = 503.562 ; gain = 128.000 ; free physical = 213 ; free virtual = 3537
INFO-FLOW: Finish building internal data model.
Command       opt_and_import_c done; 0.84 sec.
Command     elaborate done; 9.01 sec.
Execute     autosyn -from_csynth_design=1 
INFO: [HLS 200-10] Starting hardware synthesis ...
INFO-FLOW: Synthesizing C/C++ design ...
INFO: [HLS 200-10] Synthesizing 'bresenham' ...
Execute       ap_set_top_model bresenham 
Execute       get_model_list bresenham -filter all-wo-channel -topdown 
Execute       preproc_iomode -model bresenham 
Execute       get_model_list bresenham -filter all-wo-channel 
INFO-FLOW: Model list for configure: bresenham
INFO-FLOW: Configuring Module : bresenham ...
Execute       set_default_model bresenham 
Execute       apply_spec_resource_limit bresenham 
INFO-FLOW: Model list for preprocess: bresenham
INFO-FLOW: Preprocessing Module: bresenham ...
Execute       set_default_model bresenham 
Execute       cdfg_preprocess -model bresenham 
Execute       rtl_gen_preprocess bresenham 
INFO-FLOW: Model list for synthesis: bresenham
INFO: [HLS 200-10] ----------------------------------------------------------------
INFO: [HLS 200-42] -- Implementing module 'bresenham' 
INFO: [HLS 200-10] ----------------------------------------------------------------
Execute       set_default_model bresenham 
Execute       schedule -model bresenham 
INFO: [SCHED 204-11] Starting scheduling ...
INFO: [SCHED 204-11] Finished scheduling.
INFO: [HLS 200-111]  Elapsed time: 9.47 seconds; current allocated memory: 69.085 MB.
Execute       report -o /home/herreral/Code/SystemC/HLSLinearGPU/HLS/LineAlgorithms/lineAlgorithms/bresenham/.autopilot/db/bresenham.verbose.sched.rpt -verbose -f 
INFO: [HLS 200-434] Only 0 loops out of a total 1 loops have been pipelined in this design.
Execute       db_write -o /home/herreral/Code/SystemC/HLSLinearGPU/HLS/LineAlgorithms/lineAlgorithms/bresenham/.autopilot/db/bresenham.sched.adb -f 
INFO-FLOW: Finish scheduling bresenham.
Execute       set_default_model bresenham 
Execute       bind -model bresenham 
BIND OPTION: fu_weight=[ 0.0 -- 1.0 ]
BIND OPTION: model=bresenham
BIND OPTION: reg_weight=[ 0.0 -- 1.0 ]
INFO: [BIND 205-100] Starting micro-architecture generation ...
INFO: [BIND 205-101] Performing variable lifetime analysis.
INFO: [BIND 205-101] Exploring resource sharing.
INFO: [BIND 205-101] Binding ...
INFO: [BIND 205-100] Finished micro-architecture generation.
INFO: [HLS 200-111]  Elapsed time: 0.01 seconds; current allocated memory: 69.240 MB.
Execute       report -o /home/herreral/Code/SystemC/HLSLinearGPU/HLS/LineAlgorithms/lineAlgorithms/bresenham/.autopilot/db/bresenham.verbose.bind.rpt -verbose -f 
Execute       db_write -o /home/herreral/Code/SystemC/HLSLinearGPU/HLS/LineAlgorithms/lineAlgorithms/bresenham/.autopilot/db/bresenham.bind.adb -f 
INFO-FLOW: Finish binding bresenham.
Execute       get_model_list bresenham -filter all-wo-channel 
INFO-FLOW: Preprocessing for RTLGen ...
Execute       rtl_gen_preprocess bresenham 
INFO-FLOW: Model list for RTL generation: bresenham
INFO: [HLS 200-10] ----------------------------------------------------------------
INFO: [HLS 200-10] -- Generating RTL for module 'bresenham' 
INFO: [HLS 200-10] ----------------------------------------------------------------
Execute       get_config_rtl -prefix 
Execute       get_config_rtl -auto_prefix 
Execute       create_rtl_model bresenham -vendor xilinx -mg_file /home/herreral/Code/SystemC/HLSLinearGPU/HLS/LineAlgorithms/lineAlgorithms/bresenham/.autopilot/db/bresenham.compgen.tcl 
INFO: [RTGEN 206-500] Setting interface mode on port 'bresenham/x0' to 'ap_none'.
INFO: [RTGEN 206-500] Setting interface mode on port 'bresenham/y0' to 'ap_none'.
INFO: [RTGEN 206-500] Setting interface mode on port 'bresenham/x1' to 'ap_none'.
INFO: [RTGEN 206-500] Setting interface mode on port 'bresenham/y1' to 'ap_none'.
INFO: [RTGEN 206-500] Setting interface mode on port 'bresenham/xp' to 'ap_vld'.
INFO: [RTGEN 206-500] Setting interface mode on port 'bresenham/yp' to 'ap_vld'.
INFO: [RTGEN 206-500] Setting interface mode on function 'bresenham' to 'ap_ctrl_hs'.
INFO: [RTGEN 206-100] Finished creating RTL model for 'bresenham'.
INFO: [HLS 200-111]  Elapsed time: 0.03 seconds; current allocated memory: 69.512 MB.
Execute       source /home/herreral/Code/SystemC/HLSLinearGPU/HLS/LineAlgorithms/lineAlgorithms/bresenham/.autopilot/db/bresenham.rtl_wrap.cfg.tcl 
Execute       gen_rtl bresenham -istop -style xilinx -tracefl mytrace -tracefmt vcd -traceopt all -f -lang sc -o /home/herreral/Code/SystemC/HLSLinearGPU/HLS/LineAlgorithms/lineAlgorithms/bresenham/syn/systemc/bresenham -synmodules bresenham 
Execute       gen_rtl bresenham -istop -style xilinx -f -lang vhdl -o /home/herreral/Code/SystemC/HLSLinearGPU/HLS/LineAlgorithms/lineAlgorithms/bresenham/syn/vhdl/bresenham 
Execute       gen_rtl bresenham -istop -style xilinx -f -lang vlog -o /home/herreral/Code/SystemC/HLSLinearGPU/HLS/LineAlgorithms/lineAlgorithms/bresenham/syn/verilog/bresenham 
Execute       export_constraint_db -o /home/herreral/Code/SystemC/HLSLinearGPU/HLS/LineAlgorithms/lineAlgorithms/bresenham/.autopilot/db/bresenham.constraint.tcl -f -tool general 
Execute       report -model bresenham -o /home/herreral/Code/SystemC/HLSLinearGPU/HLS/LineAlgorithms/lineAlgorithms/bresenham/.autopilot/db/bresenham.design.xml -verbose -f -dv 
Execute       report -model bresenham -o /home/herreral/Code/SystemC/HLSLinearGPU/HLS/LineAlgorithms/lineAlgorithms/bresenham/.autopilot/db/bresenham.sdaccel.xml -verbose -f -sdaccel 
Execute       gen_tb_info bresenham -o /home/herreral/Code/SystemC/HLSLinearGPU/HLS/LineAlgorithms/lineAlgorithms/bresenham/.autopilot/db/bresenham -p /home/herreral/Code/SystemC/HLSLinearGPU/HLS/LineAlgorithms/lineAlgorithms/bresenham/.autopilot/db 
Execute       report -model bresenham -o /home/herreral/Code/SystemC/HLSLinearGPU/HLS/LineAlgorithms/lineAlgorithms/bresenham/syn/report/bresenham_csynth.rpt -f 
Execute       report -model bresenham -o /home/herreral/Code/SystemC/HLSLinearGPU/HLS/LineAlgorithms/lineAlgorithms/bresenham/syn/report/bresenham_csynth.xml -f -x 
Execute       report -model bresenham -o /home/herreral/Code/SystemC/HLSLinearGPU/HLS/LineAlgorithms/lineAlgorithms/bresenham/.autopilot/db/bresenham.verbose.rpt -verbose -f 
Execute       db_write -model bresenham -o /home/herreral/Code/SystemC/HLSLinearGPU/HLS/LineAlgorithms/lineAlgorithms/bresenham/.autopilot/db/bresenham.adb -f 
Execute       sc_get_clocks bresenham 
Execute       sc_get_portdomain bresenham 
INFO-FLOW: Model list for RTL component generation: bresenham
INFO-FLOW: Handling components in module [bresenham] ... 
Execute       source /home/herreral/Code/SystemC/HLSLinearGPU/HLS/LineAlgorithms/lineAlgorithms/bresenham/.autopilot/db/bresenham.compgen.tcl 
INFO-FLOW: Append model bresenham
INFO-FLOW: Generating RTL model list ...
INFO-FLOW: All models in this session: bresenham
INFO-FLOW: To file: write model bresenham
INFO-FLOW: Finished generating RTL model list.


INFO-FLOW: RTL Generation done.
INFO-FLOW: CAS Generation done.
INFO-FLOW: CBC Generation done.
Execute       get_config_sdx -target 
Execute       source /home/herreral/Code/SystemC/HLSLinearGPU/HLS/LineAlgorithms/lineAlgorithms/bresenham/.autopilot/db/global.setting.tcl 
Execute       source /opt/Xilinx/Vivado/2018.2/common/technology/generic/autopilot/common.gen 
Execute         source /opt/Xilinx/Vivado/2018.2/common/technology/generic/autopilot/APCoreGen.gen 
Execute       source /opt/Xilinx/Vivado/2018.2/common/technology/generic/autopilot/op.gen 
Execute       source /opt/Xilinx/Vivado/2018.2/common/technology/generic/autopilot/op_simcore.gen 
Execute       source /opt/Xilinx/Vivado/2018.2/common/technology/generic/autopilot/interface.gen 
Execute       source /home/herreral/Code/SystemC/HLSLinearGPU/HLS/LineAlgorithms/lineAlgorithms/bresenham/.autopilot/db/global.setting.tcl 
Execute       source /opt/Xilinx/Vivado/2018.2/common/technology/xilinx/aartix7/aartix7.gen 
Execute         source /opt/Xilinx/Vivado/2018.2/common/technology/xilinx/common/virtex.gen 
Execute           source /opt/Xilinx/Vivado/2018.2/common/technology/xilinx/common/xilinx.gen 
Execute             source /opt/Xilinx/Vivado/2018.2/common/technology/xilinx/interface/plb46.gen 
Execute             source /opt/Xilinx/Vivado/2018.2/common/technology/xilinx/interface/fsl.gen 
Execute             source /opt/Xilinx/Vivado/2018.2/common/technology/xilinx/interface/axi4.gen 
Execute             source /opt/Xilinx/Vivado/2018.2/common/technology/xilinx/interface/nativeAXI4.gen 
Execute               source /opt/Xilinx/Vivado/2018.2/common/technology/xilinx/interface/saxilite.gen 
Execute               source /opt/Xilinx/Vivado/2018.2/common/technology/xilinx/interface/maxi.gen 
Execute             source /opt/Xilinx/Vivado/2018.2/common/technology/xilinx/scripts/xilinxcoregen.gen 
Execute             source /opt/Xilinx/Vivado/2018.2/common/technology/xilinx/interface/XilEDKCoreGen.gen 
Execute             source /opt/Xilinx/Vivado/2018.2/common/technology/xilinx/ip/dds_compiler.gen 
Execute             source /opt/Xilinx/Vivado/2018.2/common/technology/xilinx/ip/util.gen 
Execute             source /opt/Xilinx/Vivado/2018.2/common/technology/xilinx/ip/xfft.gen 
Execute             source /opt/Xilinx/Vivado/2018.2/common/technology/xilinx/ip/xfir.gen 
Execute           source /opt/Xilinx/Vivado/2018.2/common/technology/xilinx/common/dsp48.gen 
Execute       source /opt/Xilinx/Vivado/2018.2/common/technology/xilinx/aartix7/aartix7_fpv6.gen 
Execute         source /opt/Xilinx/Vivado/2018.2/common/technology/xilinx/common/xilinx_fpv6.gen 
Execute       source /home/herreral/Code/SystemC/HLSLinearGPU/HLS/LineAlgorithms/lineAlgorithms/bresenham/.autopilot/db/global.setting.tcl 
Execute       source /home/herreral/Code/SystemC/HLSLinearGPU/HLS/LineAlgorithms/lineAlgorithms/bresenham/.autopilot/db/global.setting.tcl 
Execute       source /home/herreral/Code/SystemC/HLSLinearGPU/HLS/LineAlgorithms/lineAlgorithms/bresenham/.autopilot/db/global.setting.tcl 
Execute       source /home/herreral/Code/SystemC/HLSLinearGPU/HLS/LineAlgorithms/lineAlgorithms/bresenham/.autopilot/db/bresenham.compgen.tcl 
Execute       get_config_sdx -target 
Execute       source /home/herreral/Code/SystemC/HLSLinearGPU/HLS/LineAlgorithms/lineAlgorithms/bresenham/.autopilot/db/global.setting.tcl 
Execute       source /opt/Xilinx/Vivado/2018.2/common/technology/generic/autopilot/common.gen 
Execute         source /opt/Xilinx/Vivado/2018.2/common/technology/generic/autopilot/APCoreGen.gen 
Execute       source /opt/Xilinx/Vivado/2018.2/common/technology/generic/autopilot/op.gen 
Execute       source /opt/Xilinx/Vivado/2018.2/common/technology/generic/autopilot/op_simcore.gen 
Execute       source /opt/Xilinx/Vivado/2018.2/common/technology/generic/autopilot/interface.gen 
Execute       source /home/herreral/Code/SystemC/HLSLinearGPU/HLS/LineAlgorithms/lineAlgorithms/bresenham/.autopilot/db/global.setting.tcl 
Execute       source /opt/Xilinx/Vivado/2018.2/common/technology/xilinx/aartix7/aartix7.gen 
Execute         source /opt/Xilinx/Vivado/2018.2/common/technology/xilinx/common/virtex.gen 
Execute           source /opt/Xilinx/Vivado/2018.2/common/technology/xilinx/common/xilinx.gen 
Execute             source /opt/Xilinx/Vivado/2018.2/common/technology/xilinx/interface/plb46.gen 
Execute             source /opt/Xilinx/Vivado/2018.2/common/technology/xilinx/interface/fsl.gen 
Execute             source /opt/Xilinx/Vivado/2018.2/common/technology/xilinx/interface/axi4.gen 
Execute             source /opt/Xilinx/Vivado/2018.2/common/technology/xilinx/interface/nativeAXI4.gen 
Execute               source /opt/Xilinx/Vivado/2018.2/common/technology/xilinx/interface/saxilite.gen 
Execute               source /opt/Xilinx/Vivado/2018.2/common/technology/xilinx/interface/maxi.gen 
Execute             source /opt/Xilinx/Vivado/2018.2/common/technology/xilinx/scripts/xilinxcoregen.gen 
Execute             source /opt/Xilinx/Vivado/2018.2/common/technology/xilinx/interface/XilEDKCoreGen.gen 
Execute             source /opt/Xilinx/Vivado/2018.2/common/technology/xilinx/ip/dds_compiler.gen 
Execute             source /opt/Xilinx/Vivado/2018.2/common/technology/xilinx/ip/util.gen 
Execute             source /opt/Xilinx/Vivado/2018.2/common/technology/xilinx/ip/xfft.gen 
Execute             source /opt/Xilinx/Vivado/2018.2/common/technology/xilinx/ip/xfir.gen 
Execute           source /opt/Xilinx/Vivado/2018.2/common/technology/xilinx/common/dsp48.gen 
Execute       source /opt/Xilinx/Vivado/2018.2/common/technology/xilinx/aartix7/aartix7_fpv6.gen 
Execute         source /opt/Xilinx/Vivado/2018.2/common/technology/xilinx/common/xilinx_fpv6.gen 
Execute       source /home/herreral/Code/SystemC/HLSLinearGPU/HLS/LineAlgorithms/lineAlgorithms/bresenham/.autopilot/db/bresenham.rtl_wrap.cfg.tcl 
Execute       source /home/herreral/Code/SystemC/HLSLinearGPU/HLS/LineAlgorithms/lineAlgorithms/bresenham/.autopilot/db/bresenham.rtl_wrap.cfg.tcl 
Execute       source /home/herreral/Code/SystemC/HLSLinearGPU/HLS/LineAlgorithms/lineAlgorithms/bresenham/.autopilot/db/bresenham.rtl_wrap.cfg.tcl 
Execute       source /home/herreral/Code/SystemC/HLSLinearGPU/HLS/LineAlgorithms/lineAlgorithms/bresenham/.autopilot/db/bresenham.tbgen.tcl 
Execute       source /home/herreral/Code/SystemC/HLSLinearGPU/HLS/LineAlgorithms/lineAlgorithms/bresenham/.autopilot/db/bresenham.tbgen.tcl 
Execute       source /home/herreral/Code/SystemC/HLSLinearGPU/HLS/LineAlgorithms/lineAlgorithms/bresenham/.autopilot/db/global.setting.tcl 
Execute       source /home/herreral/Code/SystemC/HLSLinearGPU/HLS/LineAlgorithms/lineAlgorithms/bresenham/.autopilot/db/bresenham.compgen.tcl 
Execute       source /home/herreral/Code/SystemC/HLSLinearGPU/HLS/LineAlgorithms/lineAlgorithms/bresenham/.autopilot/db/global.setting.tcl 
Execute       source /home/herreral/Code/SystemC/HLSLinearGPU/HLS/LineAlgorithms/lineAlgorithms/bresenham/.autopilot/db/bresenham.compgen.tcl 
Execute       source /home/herreral/Code/SystemC/HLSLinearGPU/HLS/LineAlgorithms/lineAlgorithms/bresenham/.autopilot/db/global.setting.tcl 
Execute       source /home/herreral/Code/SystemC/HLSLinearGPU/HLS/LineAlgorithms/lineAlgorithms/bresenham/.autopilot/db/bresenham.compgen.tcl 
Execute       source /home/herreral/Code/SystemC/HLSLinearGPU/HLS/LineAlgorithms/lineAlgorithms/bresenham/.autopilot/db/global.setting.tcl 
Execute       source /home/herreral/Code/SystemC/HLSLinearGPU/HLS/LineAlgorithms/lineAlgorithms/bresenham/.autopilot/db/bresenham.constraint.tcl 
Execute       source /home/herreral/Code/SystemC/HLSLinearGPU/HLS/LineAlgorithms/lineAlgorithms/bresenham/.autopilot/db/bresenham.tbgen.tcl 
Execute       source /home/herreral/Code/SystemC/HLSLinearGPU/HLS/LineAlgorithms/lineAlgorithms/bresenham/.autopilot/db/global.setting.tcl 
Execute       source /home/herreral/Code/SystemC/HLSLinearGPU/HLS/LineAlgorithms/lineAlgorithms/bresenham/.autopilot/db/global.setting.tcl 
Execute       source /home/herreral/Code/SystemC/HLSLinearGPU/HLS/LineAlgorithms/lineAlgorithms/bresenham/.autopilot/db/global.setting.tcl 
Execute       source /home/herreral/Code/SystemC/HLSLinearGPU/HLS/LineAlgorithms/lineAlgorithms/bresenham/.autopilot/db/bresenham.tbgen.tcl 
Execute       source /home/herreral/Code/SystemC/HLSLinearGPU/HLS/LineAlgorithms/lineAlgorithms/bresenham/.autopilot/db/bresenham.tbgen.tcl 
Execute       source /home/herreral/Code/SystemC/HLSLinearGPU/HLS/LineAlgorithms/lineAlgorithms/bresenham/.autopilot/db/bresenham.tbgen.tcl 
Execute       source /home/herreral/Code/SystemC/HLSLinearGPU/HLS/LineAlgorithms/lineAlgorithms/bresenham/.autopilot/db/global.setting.tcl 
Execute       source /home/herreral/Code/SystemC/HLSLinearGPU/HLS/LineAlgorithms/lineAlgorithms/bresenham/.autopilot/db/bresenham.constraint.tcl 
Execute       sc_get_clocks bresenham 
Execute       source /home/herreral/Code/SystemC/HLSLinearGPU/HLS/LineAlgorithms/lineAlgorithms/bresenham/.autopilot/db/global.setting.tcl 
Execute       get_config_sdx -target 
Execute       get_config_sdx -profile 
Execute       ::config_rtl 
INFO: [HLS 200-111] Finished generating all RTL models Time (s): cpu = 00:00:08 ; elapsed = 00:00:10 . Memory (MB): peak = 503.562 ; gain = 128.000 ; free physical = 210 ; free virtual = 3536
INFO: [SYSC 207-301] Generating SystemC RTL for bresenham.
INFO: [VHDL 208-304] Generating VHDL RTL for bresenham.
INFO: [VLOG 209-307] Generating Verilog RTL for bresenham.
Command     autosyn done; 0.52 sec.
Command   csynth_design done; 9.53 sec.
Command ap_source done; 9.75 sec.
Execute cleanup_all 
INFO-FLOW: Workspace /home/herreral/Code/SystemC/HLSLinearGPU/HLS/LineAlgorithms/lineAlgorithms/bresenham opened at Wed Aug 22 22:15:20 CST 2018
Execute     config_clock -quiet -name default -period 10 -default=false 
INFO: [SYN 201-201] Setting up clock 'default' with a period of 10ns.
Execute     open_platform DefaultPlatform 
Execute     import_lib /opt/Xilinx/Vivado/2018.2/common/technology/xilinx/aartix7/aartix7 
Execute       source /opt/Xilinx/Vivado/2018.2/common/technology/xilinx/common/xilinx.lib 
Execute         source /opt/Xilinx/Vivado/2018.2/common/technology/xilinx/interface/xilinx_interface.lib 
Execute           source /opt/Xilinx/Vivado/2018.2/common/technology/xilinx/interface/plb46.lib 
Execute           source /opt/Xilinx/Vivado/2018.2/common/technology/xilinx/interface/fsl.lib 
Execute           source /opt/Xilinx/Vivado/2018.2/common/technology/xilinx/interface/axi4.lib 
Execute           source /opt/Xilinx/Vivado/2018.2/common/technology/xilinx/interface/maxi.lib 
Execute           source /opt/Xilinx/Vivado/2018.2/common/technology/xilinx/interface/saxilite.lib 
Execute         source /opt/Xilinx/Vivado/2018.2/common/technology/xilinx/common/dsp48.lib 
Execute         source /opt/Xilinx/Vivado/2018.2/common/technology/xilinx/ip/xfft.lib 
Execute         source /opt/Xilinx/Vivado/2018.2/common/technology/xilinx/ip/xfir.lib 
Execute         source /opt/Xilinx/Vivado/2018.2/common/technology/xilinx/ip/dds_compiler.lib 
Execute       source /opt/Xilinx/Vivado/2018.2/common/technology/xilinx/common/xilinx_old.lib 
Execute       source /opt/Xilinx/Vivado/2018.2/common/technology/xilinx/common/xilinx_vivado.lib 
Execute       source /opt/Xilinx/Vivado/2018.2/common/technology/xilinx/common/xilinx.hlp 
Execute         source /opt/Xilinx/Vivado/2018.2/common/technology/xilinx/common/target_info.tcl 
Execute         source /opt/Xilinx/Vivado/2018.2/common/technology/xilinx/interface/xilinx_interface.hlp 
Execute           source /opt/Xilinx/Vivado/2018.2/common/technology/xilinx/interface/maxi.hlp 
Execute           source /opt/Xilinx/Vivado/2018.2/common/technology/xilinx/interface/saxilite.hlp 
Execute         source /opt/Xilinx/Vivado/2018.2/common/technology/xilinx/common/dsp48.hlp 
Execute       source /opt/Xilinx/Vivado/2018.2/common/technology/xilinx/aartix7/dsp48e1.hlp 
Execute       get_default_platform 
Execute       config_chip_info -quiet -resource  {SLICE 15850} {LUT 63400}     {FF 126800} {DSP48E 240}    {BRAM 270}  
Execute       config_chip_info -quiet -speed medium 
Execute       source /opt/Xilinx/Vivado/2018.2/common/technology/xilinx/common/xilinx.hlp 
Execute         source /opt/Xilinx/Vivado/2018.2/common/technology/xilinx/common/target_info.tcl 
Execute         source /opt/Xilinx/Vivado/2018.2/common/technology/xilinx/interface/xilinx_interface.hlp 
Execute           source /opt/Xilinx/Vivado/2018.2/common/technology/xilinx/interface/maxi.hlp 
Execute           source /opt/Xilinx/Vivado/2018.2/common/technology/xilinx/interface/saxilite.hlp 
Execute         source /opt/Xilinx/Vivado/2018.2/common/technology/xilinx/common/dsp48.hlp 
Execute     source /opt/Xilinx/Vivado/2018.2/common/technology/xilinx/aartix7/aartix7.gen 
Execute       source /opt/Xilinx/Vivado/2018.2/common/technology/xilinx/common/virtex.gen 
Execute         source /opt/Xilinx/Vivado/2018.2/common/technology/xilinx/common/xilinx.gen 
Execute           source /opt/Xilinx/Vivado/2018.2/common/technology/xilinx/interface/plb46.gen 
Execute           source /opt/Xilinx/Vivado/2018.2/common/technology/xilinx/interface/fsl.gen 
Execute           source /opt/Xilinx/Vivado/2018.2/common/technology/xilinx/interface/axi4.gen 
Execute           source /opt/Xilinx/Vivado/2018.2/common/technology/xilinx/interface/nativeAXI4.gen 
Execute             source /opt/Xilinx/Vivado/2018.2/common/technology/xilinx/interface/saxilite.gen 
Execute             source /opt/Xilinx/Vivado/2018.2/common/technology/xilinx/interface/maxi.gen 
Execute           source /opt/Xilinx/Vivado/2018.2/common/technology/xilinx/scripts/xilinxcoregen.gen 
Execute           source /opt/Xilinx/Vivado/2018.2/common/technology/xilinx/interface/XilEDKCoreGen.gen 
Execute           source /opt/Xilinx/Vivado/2018.2/common/technology/xilinx/ip/dds_compiler.gen 
Execute           source /opt/Xilinx/Vivado/2018.2/common/technology/xilinx/ip/util.gen 
Execute           source /opt/Xilinx/Vivado/2018.2/common/technology/xilinx/ip/xfft.gen 
Execute           source /opt/Xilinx/Vivado/2018.2/common/technology/xilinx/ip/xfir.gen 
Execute         source /opt/Xilinx/Vivado/2018.2/common/technology/xilinx/common/dsp48.gen 
Execute     open_platform DefaultPlatform 
Execute     import_lib /opt/Xilinx/Vivado/2018.2/common/technology/xilinx/aartix7/aartix7_fpv6 
Execute       source /opt/Xilinx/Vivado/2018.2/common/technology/xilinx/common/xilinx_fpv7.lib 
Execute         source /opt/Xilinx/Vivado/2018.2/common/technology/xilinx/common/xilinx_hp.lib 
Execute       source /opt/Xilinx/Vivado/2018.2/common/technology/xilinx/common/xilinx_fpv.hlp 
Execute         source /opt/Xilinx/Vivado/2018.2/common/technology/xilinx/common/xilinx.hlp 
Execute           source /opt/Xilinx/Vivado/2018.2/common/technology/xilinx/common/target_info.tcl 
Execute           source /opt/Xilinx/Vivado/2018.2/common/technology/xilinx/interface/xilinx_interface.hlp 
Execute             source /opt/Xilinx/Vivado/2018.2/common/technology/xilinx/interface/maxi.hlp 
Execute             source /opt/Xilinx/Vivado/2018.2/common/technology/xilinx/interface/saxilite.hlp 
Execute           source /opt/Xilinx/Vivado/2018.2/common/technology/xilinx/common/dsp48.hlp 
Execute       source /opt/Xilinx/Vivado/2018.2/common/technology/xilinx/aartix7/aartix7_hp.hlp 
Execute     source /opt/Xilinx/Vivado/2018.2/common/technology/xilinx/aartix7/aartix7_fpv6.gen 
Execute       source /opt/Xilinx/Vivado/2018.2/common/technology/xilinx/common/xilinx_fpv6.gen 
Execute     set_part xa7a12tcsg325-1q 
Execute       add_library xilinx/aartix7/aartix7:xa7a12t:csg325:-1q 
Execute         get_default_platform 
Execute         license_isbetapart xa7a12t 
Command         license_isbetapart done; error code: 1; 
Execute         get_default_platform 
Execute         config_chip_info -quiet -resource  {SLICE 2000}  {LUT 8000}      {FF 16000}  {DSP48E 40}     {BRAM 40}  
Execute         config_chip_info -quiet -speed slow 
Execute       add_library xilinx/aartix7/aartix7_fpv6 
Execute         get_default_platform 
INFO: [HLS 200-10] Setting target device to 'xa7a12tcsg325-1q'
Execute       get_default_platform 
Execute     get_default_platform 
Execute     config_chip_info -quiet -resource  {SLICE 2000}  {LUT 8000}      {FF 16000}  {DSP48E 40}     {BRAM 40}  
Execute     config_chip_info -quiet -speed slow 
Command   open_solution done; 0.17 sec.
Execute   cosim_design -trace_level all -tool xsim 
Execute     source /home/herreral/Code/SystemC/HLSLinearGPU/HLS/LineAlgorithms/lineAlgorithms/bresenham/.autopilot/db/global.setting.tcl 
Execute     source /home/herreral/Code/SystemC/HLSLinearGPU/HLS/LineAlgorithms/lineAlgorithms/bresenham/.autopilot/db/global.setting.tcl 
Execute     source /home/herreral/Code/SystemC/HLSLinearGPU/HLS/LineAlgorithms/lineAlgorithms/bresenham/.autopilot/db/global.setting.tcl 
Execute     source /opt/Xilinx/Vivado/2018.2/common/technology/generic/autopilot/common.gen 
Execute       source /opt/Xilinx/Vivado/2018.2/common/technology/generic/autopilot/APCoreGen.gen 
Execute     source /opt/Xilinx/Vivado/2018.2/common/technology/generic/autopilot/op.gen 
Execute     source /opt/Xilinx/Vivado/2018.2/common/technology/generic/autopilot/op_simcore.gen 
Execute     source /opt/Xilinx/Vivado/2018.2/common/technology/generic/autopilot/interface.gen 
Execute     source /home/herreral/Code/SystemC/HLSLinearGPU/HLS/LineAlgorithms/lineAlgorithms/bresenham/.autopilot/db/global.setting.tcl 
Execute     source /opt/Xilinx/Vivado/2018.2/common/technology/xilinx/aartix7/aartix7.gen 
Execute       source /opt/Xilinx/Vivado/2018.2/common/technology/xilinx/common/virtex.gen 
Execute         source /opt/Xilinx/Vivado/2018.2/common/technology/xilinx/common/xilinx.gen 
Execute           source /opt/Xilinx/Vivado/2018.2/common/technology/xilinx/interface/plb46.gen 
Execute           source /opt/Xilinx/Vivado/2018.2/common/technology/xilinx/interface/fsl.gen 
Execute           source /opt/Xilinx/Vivado/2018.2/common/technology/xilinx/interface/axi4.gen 
Execute           source /opt/Xilinx/Vivado/2018.2/common/technology/xilinx/interface/nativeAXI4.gen 
Execute             source /opt/Xilinx/Vivado/2018.2/common/technology/xilinx/interface/saxilite.gen 
Execute             source /opt/Xilinx/Vivado/2018.2/common/technology/xilinx/interface/maxi.gen 
Execute           source /opt/Xilinx/Vivado/2018.2/common/technology/xilinx/scripts/xilinxcoregen.gen 
Execute           source /opt/Xilinx/Vivado/2018.2/common/technology/xilinx/interface/XilEDKCoreGen.gen 
Execute           source /opt/Xilinx/Vivado/2018.2/common/technology/xilinx/ip/dds_compiler.gen 
Execute           source /opt/Xilinx/Vivado/2018.2/common/technology/xilinx/ip/util.gen 
Execute           source /opt/Xilinx/Vivado/2018.2/common/technology/xilinx/ip/xfft.gen 
Execute           source /opt/Xilinx/Vivado/2018.2/common/technology/xilinx/ip/xfir.gen 
Execute         source /opt/Xilinx/Vivado/2018.2/common/technology/xilinx/common/dsp48.gen 
Execute     source /opt/Xilinx/Vivado/2018.2/common/technology/xilinx/aartix7/aartix7_fpv6.gen 
Execute       source /opt/Xilinx/Vivado/2018.2/common/technology/xilinx/common/xilinx_fpv6.gen 
Execute     source /home/herreral/Code/SystemC/HLSLinearGPU/HLS/LineAlgorithms/lineAlgorithms/bresenham/.autopilot/db/global.setting.tcl 
Execute     source /home/herreral/Code/SystemC/HLSLinearGPU/HLS/LineAlgorithms/lineAlgorithms/bresenham/.autopilot/db/bresenham.rtl_wrap.cfg.tcl 
Execute     source /home/herreral/Code/SystemC/HLSLinearGPU/HLS/LineAlgorithms/lineAlgorithms/bresenham/.autopilot/db/bresenham.tbgen.tcl 
Execute     is_encrypted /home/herreral/Code/SystemC/HLSLinearGPU/Cpp/src/test_top.cpp 
Execute     is_encrypted /home/herreral/Code/SystemC/HLSLinearGPU/Cpp/src/lineAlgorithms.cpp 
Execute     source /home/herreral/Code/SystemC/HLSLinearGPU/HLS/LineAlgorithms/lineAlgorithms/bresenham/.autopilot/db/bresenham.tbgen.tcl 
Execute     source /home/herreral/Code/SystemC/HLSLinearGPU/HLS/LineAlgorithms/lineAlgorithms/bresenham/.autopilot/db/bresenham.tbgen.tcl 
INFO: [COSIM 212-47] Using XSIM for RTL simulation.
INFO: [COSIM 212-14] Instrumenting C test bench ...
Execute     get_default_platform 
INFO-FLOW: TB processing: /home/herreral/Code/SystemC/HLSLinearGPU/Cpp/src/test_top.cpp /home/herreral/Code/SystemC/HLSLinearGPU/HLS/LineAlgorithms/lineAlgorithms/bresenham/./sim/autowrap/testbench/test_top.cpp_pre.cpp
INFO-FLOW: Marker-Pragma convertor: /home/herreral/Code/SystemC/HLSLinearGPU/HLS/LineAlgorithms/lineAlgorithms/bresenham/./sim/autowrap/testbench/test_top.cpp_pre.cpp /home/herreral/Code/SystemC/HLSLinearGPU/HLS/LineAlgorithms/lineAlgorithms/bresenham/./sim/autowrap/testbench/test_top.cpp_pre.cpp.line.cpp ./sim/autowrap/testbench/line.tmp 1
INFO-FLOW: Converting Markers to Pragmas...
INFO-FLOW: Marker-Pragma convertor: ./sim/autowrap/testbench/test_top.cpp_pre.cpp.tb.cpp.line ./sim/autowrap/testbench/test_top.cpp_pre.cpp.tb.cpp ./sim/autowrap/testbench/line.tmp 0
INFO-FLOW: Converting Pragmas to Markers...
Execute     get_default_platform 
INFO-FLOW: TB processing: /home/herreral/Code/SystemC/HLSLinearGPU/Cpp/src/lineAlgorithms.cpp /home/herreral/Code/SystemC/HLSLinearGPU/HLS/LineAlgorithms/lineAlgorithms/bresenham/./sim/autowrap/testbench/lineAlgorithms.cpp_pre.cpp
INFO-FLOW: Marker-Pragma convertor: /home/herreral/Code/SystemC/HLSLinearGPU/HLS/LineAlgorithms/lineAlgorithms/bresenham/./sim/autowrap/testbench/lineAlgorithms.cpp_pre.cpp /home/herreral/Code/SystemC/HLSLinearGPU/HLS/LineAlgorithms/lineAlgorithms/bresenham/./sim/autowrap/testbench/lineAlgorithms.cpp_pre.cpp.line.cpp ./sim/autowrap/testbench/line.tmp 1
INFO-FLOW: Converting Markers to Pragmas...
INFO-FLOW: Marker-Pragma convertor: ./sim/autowrap/testbench/lineAlgorithms.cpp_pre.cpp.tb.cpp.line ./sim/autowrap/testbench/lineAlgorithms.cpp_pre.cpp.tb.cpp ./sim/autowrap/testbench/line.tmp 0
INFO-FLOW: Converting Pragmas to Markers...
Execute     source /home/herreral/Code/SystemC/HLSLinearGPU/HLS/LineAlgorithms/lineAlgorithms/bresenham/./sim/autowrap/testbench/tb.status.tcl 
Execute     source /home/herreral/Code/SystemC/HLSLinearGPU/HLS/LineAlgorithms/lineAlgorithms/bresenham/.autopilot/db/global.setting.tcl 
Execute     source /home/herreral/Code/SystemC/HLSLinearGPU/HLS/LineAlgorithms/lineAlgorithms/bresenham/.autopilot/db/bresenham.rtl_wrap.cfg.tcl 
Execute     source /home/herreral/Code/SystemC/HLSLinearGPU/HLS/LineAlgorithms/lineAlgorithms/bresenham/.autopilot/db/bresenham.rtl_wrap.cfg.tcl 
Execute     source /home/herreral/Code/SystemC/HLSLinearGPU/HLS/LineAlgorithms/lineAlgorithms/bresenham/.autopilot/db/bresenham.rtl_wrap.cfg.tcl 
Execute     source /home/herreral/Code/SystemC/HLSLinearGPU/HLS/LineAlgorithms/lineAlgorithms/bresenham/.autopilot/db/bresenham.tbgen.tcl 
Execute     source /home/herreral/Code/SystemC/HLSLinearGPU/HLS/LineAlgorithms/lineAlgorithms/bresenham/.autopilot/db/bresenham.tbgen.tcl 
Execute     get_default_platform 
Execute     source .run_sim.tcl 
INFO: [COSIM 212-302] Starting C TB testing ... 
Command     ap_source done; 0.31 sec.
INFO: [COSIM 212-333] Generating C post check test bench ...
Execute     get_default_platform 
INFO: [COSIM 212-12] Generating RTL test bench ...
Execute     source /home/herreral/Code/SystemC/HLSLinearGPU/HLS/LineAlgorithms/lineAlgorithms/bresenham/.autopilot/db/bresenham.tbgen.tcl 
Execute     source /home/herreral/Code/SystemC/HLSLinearGPU/HLS/LineAlgorithms/lineAlgorithms/bresenham/.autopilot/db/bresenham.tbgen.tcl 
Execute     source /home/herreral/Code/SystemC/HLSLinearGPU/HLS/LineAlgorithms/lineAlgorithms/bresenham/.autopilot/db/bresenham.tbgen.tcl 
Execute     source /home/herreral/Code/SystemC/HLSLinearGPU/HLS/LineAlgorithms/lineAlgorithms/bresenham/.autopilot/db/bresenham.tbgen.tcl 
Execute     source ../tv/cdatafile/ref.tcl 
Execute     source /home/herreral/Code/SystemC/HLSLinearGPU/HLS/LineAlgorithms/lineAlgorithms/bresenham/.autopilot/db/bresenham.tbgen.tcl 
Execute     source /home/herreral/Code/SystemC/HLSLinearGPU/HLS/LineAlgorithms/lineAlgorithms/bresenham/.autopilot/db/bresenham.tbgen.tcl 
Execute     source /home/herreral/Code/SystemC/HLSLinearGPU/HLS/LineAlgorithms/lineAlgorithms/bresenham/.autopilot/db/bresenham.tbgen.tcl 
Execute     source /home/herreral/Code/SystemC/HLSLinearGPU/HLS/LineAlgorithms/lineAlgorithms/bresenham/.autopilot/db/bresenham.tbgen.tcl 
Execute     source /home/herreral/Code/SystemC/HLSLinearGPU/HLS/LineAlgorithms/lineAlgorithms/bresenham/.autopilot/db/bresenham.tbgen.tcl 
Execute     source /home/herreral/Code/SystemC/HLSLinearGPU/HLS/LineAlgorithms/lineAlgorithms/bresenham/.autopilot/db/bresenham.tbgen.tcl 
Execute     source /home/herreral/Code/SystemC/HLSLinearGPU/HLS/LineAlgorithms/lineAlgorithms/bresenham/.autopilot/db/bresenham.tbgen.tcl 
Execute     source /home/herreral/Code/SystemC/HLSLinearGPU/HLS/LineAlgorithms/lineAlgorithms/bresenham/.autopilot/db/bresenham.tbgen.tcl 
Execute     source /home/herreral/Code/SystemC/HLSLinearGPU/HLS/LineAlgorithms/lineAlgorithms/bresenham/.autopilot/db/bresenham.tbgen.tcl 
Execute     source /home/herreral/Code/SystemC/HLSLinearGPU/HLS/LineAlgorithms/lineAlgorithms/bresenham/.autopilot/db/bresenham.tbgen.tcl 
Execute     source /home/herreral/Code/SystemC/HLSLinearGPU/HLS/LineAlgorithms/lineAlgorithms/bresenham/.autopilot/db/bresenham.tbgen.tcl 
Execute     source /home/herreral/Code/SystemC/HLSLinearGPU/HLS/LineAlgorithms/lineAlgorithms/bresenham/.autopilot/db/bresenham.tbgen.tcl 
Execute     source /home/herreral/Code/SystemC/HLSLinearGPU/HLS/LineAlgorithms/lineAlgorithms/bresenham/.autopilot/db/bresenham.tbgen.tcl 
Execute     source /home/herreral/Code/SystemC/HLSLinearGPU/HLS/LineAlgorithms/lineAlgorithms/bresenham/.autopilot/db/bresenham.tbgen.tcl 
Execute     source /home/herreral/Code/SystemC/HLSLinearGPU/HLS/LineAlgorithms/lineAlgorithms/bresenham/.autopilot/db/bresenham.tbgen.tcl 
Execute     source /home/herreral/Code/SystemC/HLSLinearGPU/HLS/LineAlgorithms/lineAlgorithms/bresenham/.autopilot/db/bresenham.tbgen.tcl 
Execute     source ../tv/cdatafile/ref.tcl 
Execute     source /home/herreral/Code/SystemC/HLSLinearGPU/HLS/LineAlgorithms/lineAlgorithms/bresenham/.autopilot/db/bresenham.tbgen.tcl 
Execute     source /home/herreral/Code/SystemC/HLSLinearGPU/HLS/LineAlgorithms/lineAlgorithms/bresenham/.autopilot/db/bresenham.tbgen.tcl 
Execute     source /home/herreral/Code/SystemC/HLSLinearGPU/HLS/LineAlgorithms/lineAlgorithms/bresenham/.autopilot/db/bresenham.tbgen.tcl 
Execute     source /home/herreral/Code/SystemC/HLSLinearGPU/HLS/LineAlgorithms/lineAlgorithms/bresenham/.autopilot/db/bresenham.tbgen.tcl 
Execute     source /home/herreral/Code/SystemC/HLSLinearGPU/HLS/LineAlgorithms/lineAlgorithms/bresenham/.autopilot/db/bresenham.tbgen.tcl 
Execute     source /home/herreral/Code/SystemC/HLSLinearGPU/HLS/LineAlgorithms/lineAlgorithms/bresenham/.autopilot/db/bresenham.tbgen.tcl 
Execute     source /home/herreral/Code/SystemC/HLSLinearGPU/HLS/LineAlgorithms/lineAlgorithms/bresenham/.autopilot/db/bresenham.tbgen.tcl 
Execute     source /home/herreral/Code/SystemC/HLSLinearGPU/HLS/LineAlgorithms/lineAlgorithms/bresenham/.autopilot/db/bresenham.tbgen.tcl 
Execute     source /home/herreral/Code/SystemC/HLSLinearGPU/HLS/LineAlgorithms/lineAlgorithms/bresenham/.autopilot/db/bresenham.tbgen.tcl 
Execute     source /home/herreral/Code/SystemC/HLSLinearGPU/HLS/LineAlgorithms/lineAlgorithms/bresenham/.autopilot/db/bresenham.tbgen.tcl 
Execute     source /home/herreral/Code/SystemC/HLSLinearGPU/HLS/LineAlgorithms/lineAlgorithms/bresenham/.autopilot/db/bresenham.tbgen.tcl 
Execute     source /home/herreral/Code/SystemC/HLSLinearGPU/HLS/LineAlgorithms/lineAlgorithms/bresenham/.autopilot/db/bresenham.tbgen.tcl 
Execute     source .run_sim.tcl 
Execute       source check_sim.tcl 
Execute       source .sim.status.tcl 
INFO: [COSIM 212-323] Starting verilog simulation. 
INFO: [COSIM 212-15] Starting XSIM ...
INFO: [COSIM 212-316] Starting C post checking ...
Command     ap_source done; 24.8 sec.
INFO: [COSIM 212-1000] *** C/RTL co-simulation finished: PASS ***
INFO: [COSIM 212-211] II is measurable only when transaction number is greater than 1 in RTL simulation. Otherwise, they will be marked as all NA. If user wants to calculate them, please make sure there are at least 2 transactions in RTL simulation.
Command   cosim_design done; 36.09 sec.
Command ap_source done; 36.26 sec.
Execute cleanup_all 
